This file contains any messages produced by compilers while
running configure, to aid debugging if configure makes a mistake.

It was created by libupnp configure 1.6.19, which was
generated by GNU Autoconf 2.65.  Invocation command line was

  $ ./configure CC=/opt/hisi-linux/x86-arm/arm-histbv310-linux/bin/arm-histbv310-linux-gcc CFLAGS=-O3 -march=armv7-a -mcpu=cortex-a9 -mfloat-abi=softfp -mfpu=vfpv3-d16 -ffunction-sections -fdata-sections -Wl,--gc-sections  --prefix=/home/flycat/myshare/NVR/branches-x.8.0.2/temp/hi3798/libs/upnp --host=arm-histbv310-linux --disable-dependency-tracking --disable-float-api --disable-vbr --enable-fixed-point --with-pic --enable-static --disable-shared

## --------- ##
## Platform. ##
## --------- ##

hostname = flycat
uname -m = i686
uname -r = 3.2.0-115-generic-pae
uname -s = Linux
uname -v = #157-Ubuntu SMP Tue Oct 25 17:01:48 UTC 2016

/usr/bin/uname -p = unknown
/bin/uname -X     = unknown

/bin/arch              = unknown
/usr/bin/arch -k       = unknown
/usr/convex/getsysinfo = unknown
/usr/bin/hostinfo      = unknown
/bin/machine           = unknown
/usr/bin/oslevel       = unknown
/bin/universe          = unknown

PATH: /opt/hisi-linux/x86-arm/arm-hisiv400-linux/target/bin
PATH: /opt/hisi-linux/x86-arm/arm-histbv310-linux/bin
PATH: /opt/hisi-linux/x86-arm/arm-hisiv300-linux/target/bin
PATH: /usr/local/sbin
PATH: /usr/local/bin
PATH: /usr/sbin
PATH: /usr/bin
PATH: /sbin
PATH: /bin
PATH: /usr/games
PATH: /opt/hisi-linux/x86-arm/arm-hisiv300-linux/target/bin


## ----------- ##
## Core tests. ##
## ----------- ##

configure:2358: checking for a BSD-compatible install
configure:2426: result: /usr/bin/install -c
configure:2437: checking whether build environment is sane
configure:2492: result: yes
configure:2551: checking for arm-histbv310-linux-strip
configure:2567: found /opt/hisi-linux/x86-arm/arm-histbv310-linux/bin/arm-histbv310-linux-strip
configure:2578: result: arm-histbv310-linux-strip
configure:2643: checking for a thread-safe mkdir -p
configure:2682: result: /bin/mkdir -p
configure:2689: checking for gawk
configure:2719: result: no
configure:2689: checking for mawk
configure:2705: found /usr/bin/mawk
configure:2716: result: mawk
configure:2727: checking whether make sets $(MAKE)
configure:2749: result: yes
configure:2839: checking build system type
configure:2853: result: i686-pc-linux-gnu
configure:2873: checking host system type
configure:2886: result: arm-histbv310-linux-gnu
configure:2953: checking for --enable-debug
configure:2961: result: no
configure:2993: checking for --enable-client
configure:3001: result: yes
configure:3020: checking for --enable-device
configure:3028: result: yes
configure:3050: checking for --enable-webserver
configure:3058: result: yes
configure:3085: checking for --enable-ssdp
configure:3093: result: yes
configure:3111: checking for --enable-optssdp
configure:3119: result: yes
configure:3138: checking for --enable-soap
configure:3146: result: yes
configure:3164: checking for --enable-gena
configure:3172: result: yes
configure:3200: checking for --enable-tools
configure:3208: result: yes
configure:3226: checking for --enable-ipv6
configure:3234: result: no
configure:3252: checking for --enable-unspecified_server
configure:3260: result: no
configure:3278: checking for --enable-notification_reordering
configure:3286: result: yes
configure:3304: checking for --enable-blocking_tcp_connections
configure:3312: result: yes
configure:3331: checking for --enable-samples
configure:3339: result: yes
configure:3360: checking for documentation directory
configure:3386: result: ${datarootdir}/doc/libupnp-1.6.19
configure:3401: checking for arm-histbv310-linux-gcc
configure:3428: result: /opt/hisi-linux/x86-arm/arm-histbv310-linux/bin/arm-histbv310-linux-gcc
configure:3697: checking for C compiler version
configure:3706: /opt/hisi-linux/x86-arm/arm-histbv310-linux/bin/arm-histbv310-linux-gcc --version >&5
arm-histbv310-linux-gcc (gcc-4.9.2 + glibc-2.22 (Build by czyong) Wed Mar  9 16:30:48 CST 2016) 4.9.2 20140904 (prerelease)
Copyright (C) 2014 Free Software Foundation, Inc.
This is free software; see the source for copying conditions.  There is NO
warranty; not even for MERCHANTABILITY or FITNESS FOR A PARTICULAR PURPOSE.

configure:3717: $? = 0
configure:3706: /opt/hisi-linux/x86-arm/arm-histbv310-linux/bin/arm-histbv310-linux-gcc -v >&5
Using built-in specs.
COLLECT_GCC=/opt/hisi-linux/x86-arm/arm-histbv310-linux/bin/arm-histbv310-linux-gcc
COLLECT_LTO_WRAPPER=/opt/hisi-linux/x86-arm/arm-histbv310-linux/bin/../libexec/gcc/arm-gcc49-linux-gnueabi/4.9.2/lto-wrapper
Target: arm-gcc49-linux-gnueabi
Configured with: /home/czyong/arm-histbv300-linux_src/arm-histbv310-src/_src/gcc-linaro-4.9-2014.09/configure --build=i686-pc-linux-gnu --host=i686-pc-linux-gnu --target=arm-gcc49-linux-gnueabi --prefix=/home/czyong/arm-histbv300-linux_src/arm-histbv310-src/_install/arm-gcc49-linux-gnueabi --enable-threads --disable-libssp --disable-libmudflap --disable-libstdcxx-pch --with-gnu-as --with-gnu-ld --with-arch=armv7-a --enable-shared --enable-lto --enable-symvers=gnu --enable-__cxa_atexit --disable-libitm --disable-nls --enable-languages=c,c++ --enable-libgomp --enable-libatomic --with-specs='-mno-unaligned-access -fno-delete-null-pointer-checks -fdiagnostics-color=auto -mword-relocations -fno-aggressive-loop-optimizations -fno-tree-vrp' --with-build-sysroot=/home/czyong/arm-histbv300-linux_src/arm-histbv310-src/_install/arm-gcc49-linux-gnueabi/target --with-sysroot=/home/czyong/arm-histbv300-linux_src/arm-histbv310-src/_install/arm-gcc49-linux-gnueabi/target --with-cloog=/home/czyong/arm-histbv300-linux_src/arm-histbv310-src/_install/i686-pc-linux-gnu --with-gmp=/home/czyong/arm-histbv300-linux_src/arm-histbv310-src/_install/i686-pc-linux-gnu --with-mpc=/home/czyong/arm-histbv300-linux_src/arm-histbv310-src/_install/i686-pc-linux-gnu --with-mpfr=/home/czyong/arm-histbv300-linux_src/arm-histbv310-src/_install/i686-pc-linux-gnu --with-isl=/home/czyong/arm-histbv300-linux_src/arm-histbv310-src/_install/i686-pc-linux-gnu --enable-poison-system-directories --with-pkgversion='gcc-4.9.2 + glibc-2.22 (Build by czyong) Wed Mar  9 16:30:48 CST 2016' --with-bugurl=http://www.hisilicon.com/cn/sitemap.html
Thread model: posix
gcc version 4.9.2 20140904 (prerelease) (gcc-4.9.2 + glibc-2.22 (Build by czyong) Wed Mar  9 16:30:48 CST 2016) 
configure:3717: $? = 0
configure:3706: /opt/hisi-linux/x86-arm/arm-histbv310-linux/bin/arm-histbv310-linux-gcc -V >&5
arm-histbv310-linux-gcc: error: unrecognized command line option '-V'
arm-histbv310-linux-gcc: fatal error: no input files
compilation terminated.
configure:3717: $? = 1
configure:3706: /opt/hisi-linux/x86-arm/arm-histbv310-linux/bin/arm-histbv310-linux-gcc -qversion >&5
arm-histbv310-linux-gcc: error: unrecognized command line option '-qversion'
arm-histbv310-linux-gcc: fatal error: no input files
compilation terminated.
configure:3717: $? = 1
configure:3737: checking whether the C compiler works
configure:3759: /opt/hisi-linux/x86-arm/arm-histbv310-linux/bin/arm-histbv310-linux-gcc -O3 -march=armv7-a -mcpu=cortex-a9 -mfloat-abi=softfp -mfpu=vfpv3-d16 -ffunction-sections -fdata-sections -Wl,--gc-sections    conftest.c  >&5
configure:3763: $? = 0
configure:3812: result: yes
configure:3815: checking for C compiler default output file name
configure:3817: result: a.out
configure:3823: checking for suffix of executables
configure:3830: /opt/hisi-linux/x86-arm/arm-histbv310-linux/bin/arm-histbv310-linux-gcc -o conftest -O3 -march=armv7-a -mcpu=cortex-a9 -mfloat-abi=softfp -mfpu=vfpv3-d16 -ffunction-sections -fdata-sections -Wl,--gc-sections    conftest.c  >&5
configure:3834: $? = 0
configure:3856: result: 
configure:3878: checking whether we are cross compiling
configure:3886: /opt/hisi-linux/x86-arm/arm-histbv310-linux/bin/arm-histbv310-linux-gcc -o conftest -O3 -march=armv7-a -mcpu=cortex-a9 -mfloat-abi=softfp -mfpu=vfpv3-d16 -ffunction-sections -fdata-sections -Wl,--gc-sections    conftest.c  >&5
configure:3890: $? = 0
configure:3897: ./conftest
./configure: line 3899: ./conftest: cannot execute binary file
configure:3901: $? = 126
configure:3916: result: yes
configure:3921: checking for suffix of object files
configure:3943: /opt/hisi-linux/x86-arm/arm-histbv310-linux/bin/arm-histbv310-linux-gcc -c -O3 -march=armv7-a -mcpu=cortex-a9 -mfloat-abi=softfp -mfpu=vfpv3-d16 -ffunction-sections -fdata-sections -Wl,--gc-sections   conftest.c >&5
configure:3947: $? = 0
configure:3968: result: o
configure:3972: checking whether we are using the GNU C compiler
configure:3991: /opt/hisi-linux/x86-arm/arm-histbv310-linux/bin/arm-histbv310-linux-gcc -c -O3 -march=armv7-a -mcpu=cortex-a9 -mfloat-abi=softfp -mfpu=vfpv3-d16 -ffunction-sections -fdata-sections -Wl,--gc-sections   conftest.c >&5
configure:3991: $? = 0
configure:4000: result: yes
configure:4009: checking whether /opt/hisi-linux/x86-arm/arm-histbv310-linux/bin/arm-histbv310-linux-gcc accepts -g
configure:4029: /opt/hisi-linux/x86-arm/arm-histbv310-linux/bin/arm-histbv310-linux-gcc -c -g  conftest.c >&5
configure:4029: $? = 0
configure:4070: result: yes
configure:4087: checking for /opt/hisi-linux/x86-arm/arm-histbv310-linux/bin/arm-histbv310-linux-gcc option to accept ISO C89
configure:4151: /opt/hisi-linux/x86-arm/arm-histbv310-linux/bin/arm-histbv310-linux-gcc  -c -O3 -march=armv7-a -mcpu=cortex-a9 -mfloat-abi=softfp -mfpu=vfpv3-d16 -ffunction-sections -fdata-sections -Wl,--gc-sections   conftest.c >&5
configure:4151: $? = 0
configure:4164: result: none needed
configure:4195: checking for style of include used by make
configure:4223: result: GNU
configure:4249: checking dependency style of /opt/hisi-linux/x86-arm/arm-histbv310-linux/bin/arm-histbv310-linux-gcc
configure:4360: result: none
configure:4376: checking whether /opt/hisi-linux/x86-arm/arm-histbv310-linux/bin/arm-histbv310-linux-gcc and cc understand -c and -o together
configure:4407: /opt/hisi-linux/x86-arm/arm-histbv310-linux/bin/arm-histbv310-linux-gcc -c conftest.c -o conftest2.o >&5
configure:4411: $? = 0
configure:4417: /opt/hisi-linux/x86-arm/arm-histbv310-linux/bin/arm-histbv310-linux-gcc -c conftest.c -o conftest2.o >&5
configure:4421: $? = 0
configure:4432: cc -c conftest.c >&5
configure:4436: $? = 0
configure:4444: cc -c conftest.c -o conftest2.o >&5
configure:4448: $? = 0
configure:4454: cc -c conftest.c -o conftest2.o >&5
configure:4458: $? = 0
configure:4476: result: yes
configure:4507: checking for arm-histbv310-linux-ar
configure:4523: found /opt/hisi-linux/x86-arm/arm-histbv310-linux/bin/arm-histbv310-linux-ar
configure:4534: result: arm-histbv310-linux-ar
configure:4604: checking the archiver (arm-histbv310-linux-ar) interface
configure:4614: /opt/hisi-linux/x86-arm/arm-histbv310-linux/bin/arm-histbv310-linux-gcc -c -O3 -march=armv7-a -mcpu=cortex-a9 -mfloat-abi=softfp -mfpu=vfpv3-d16 -ffunction-sections -fdata-sections -Wl,--gc-sections   conftest.c >&5
configure:4614: $? = 0
configure:4616: arm-histbv310-linux-ar cru libconftest.a conftest.o >&5
configure:4619: $? = 0
configure:4642: result: ar
configure:4708: checking how to print strings
configure:4735: result: printf
configure:4756: checking for a sed that does not truncate output
configure:4820: result: /bin/sed
configure:4838: checking for grep that handles long lines and -e
configure:4896: result: /bin/grep
configure:4901: checking for egrep
configure:4963: result: /bin/grep -E
configure:4968: checking for fgrep
configure:5030: result: /bin/grep -F
configure:5065: checking for ld used by /opt/hisi-linux/x86-arm/arm-histbv310-linux/bin/arm-histbv310-linux-gcc
configure:5132: result: /opt/hisi-linux/x86-arm/arm-histbv310-linux/arm-gcc49-linux-gnueabi/bin/ld
configure:5139: checking if the linker (/opt/hisi-linux/x86-arm/arm-histbv310-linux/arm-gcc49-linux-gnueabi/bin/ld) is GNU ld
configure:5154: result: yes
configure:5166: checking for BSD- or MS-compatible name lister (nm)
configure:5215: result: /opt/hisi-linux/x86-arm/arm-histbv310-linux/bin/arm-histbv310-linux-nm -B
configure:5345: checking the name lister (/opt/hisi-linux/x86-arm/arm-histbv310-linux/bin/arm-histbv310-linux-nm -B) interface
configure:5352: /opt/hisi-linux/x86-arm/arm-histbv310-linux/bin/arm-histbv310-linux-gcc -c -O3 -march=armv7-a -mcpu=cortex-a9 -mfloat-abi=softfp -mfpu=vfpv3-d16 -ffunction-sections -fdata-sections -Wl,--gc-sections   conftest.c >&5
configure:5355: /opt/hisi-linux/x86-arm/arm-histbv310-linux/bin/arm-histbv310-linux-nm -B "conftest.o"
configure:5358: output
00000000 B some_variable
configure:5365: result: BSD nm
configure:5368: checking whether ln -s works
configure:5372: result: yes
configure:5380: checking the maximum length of command line arguments
configure:5510: result: 805306365
configure:5527: checking whether the shell understands some XSI constructs
configure:5537: result: yes
configure:5541: checking whether the shell understands "+="
configure:5547: result: yes
configure:5582: checking how to convert i686-pc-linux-gnu file names to arm-histbv310-linux-gnu format
configure:5622: result: func_convert_file_noop
configure:5629: checking how to convert i686-pc-linux-gnu file names to toolchain format
configure:5649: result: func_convert_file_noop
configure:5656: checking for /opt/hisi-linux/x86-arm/arm-histbv310-linux/arm-gcc49-linux-gnueabi/bin/ld option to reload object files
configure:5663: result: -r
configure:5697: checking for arm-histbv310-linux-objdump
configure:5713: found /opt/hisi-linux/x86-arm/arm-histbv310-linux/bin/arm-histbv310-linux-objdump
configure:5724: result: arm-histbv310-linux-objdump
configure:5796: checking how to recognize dependent libraries
configure:5998: result: pass_all
configure:6043: checking for arm-histbv310-linux-dlltool
configure:6073: result: no
configure:6083: checking for dlltool
configure:6113: result: no
configure:6143: checking how to associate runtime and link libraries
configure:6170: result: printf %s\n
configure:6186: checking for arm-histbv310-linux-ar
configure:6213: result: arm-histbv310-linux-ar
configure:6294: checking for archiver @FILE support
configure:6311: /opt/hisi-linux/x86-arm/arm-histbv310-linux/bin/arm-histbv310-linux-gcc -c -O3 -march=armv7-a -mcpu=cortex-a9 -mfloat-abi=softfp -mfpu=vfpv3-d16 -ffunction-sections -fdata-sections -Wl,--gc-sections   conftest.c >&5
configure:6311: $? = 0
configure:6314: arm-histbv310-linux-ar cru libconftest.a @conftest.lst >&5
configure:6317: $? = 0
configure:6322: arm-histbv310-linux-ar cru libconftest.a @conftest.lst >&5
arm-histbv310-linux-ar: conftest.o: No such file or directory
configure:6325: $? = 1
configure:6337: result: @
configure:6355: checking for arm-histbv310-linux-strip
configure:6382: result: arm-histbv310-linux-strip
configure:6454: checking for arm-histbv310-linux-ranlib
configure:6470: found /opt/hisi-linux/x86-arm/arm-histbv310-linux/bin/arm-histbv310-linux-ranlib
configure:6481: result: arm-histbv310-linux-ranlib
configure:6623: checking command to parse /opt/hisi-linux/x86-arm/arm-histbv310-linux/bin/arm-histbv310-linux-nm -B output from /opt/hisi-linux/x86-arm/arm-histbv310-linux/bin/arm-histbv310-linux-gcc object
configure:6743: /opt/hisi-linux/x86-arm/arm-histbv310-linux/bin/arm-histbv310-linux-gcc -c -O3 -march=armv7-a -mcpu=cortex-a9 -mfloat-abi=softfp -mfpu=vfpv3-d16 -ffunction-sections -fdata-sections -Wl,--gc-sections   conftest.c >&5
configure:6746: $? = 0
configure:6750: /opt/hisi-linux/x86-arm/arm-histbv310-linux/bin/arm-histbv310-linux-nm -B conftest.o \| sed -n -e 's/^.*[ ]\([ABCDGIRSTW][ABCDGIRSTW]*\)[ ][ ]*\([_A-Za-z][_A-Za-z0-9]*\)$/\1 \2 \2/p' | sed '/ __gnu_lto/d' \> conftest.nm
configure:6753: $? = 0
configure:6819: /opt/hisi-linux/x86-arm/arm-histbv310-linux/bin/arm-histbv310-linux-gcc -o conftest -O3 -march=armv7-a -mcpu=cortex-a9 -mfloat-abi=softfp -mfpu=vfpv3-d16 -ffunction-sections -fdata-sections -Wl,--gc-sections    conftest.c conftstm.o >&5
configure:6822: $? = 0
configure:6860: result: ok
configure:6897: checking for sysroot
configure:6927: result: no
configure:7143: checking for arm-histbv310-linux-mt
configure:7173: result: no
configure:7183: checking for mt
configure:7199: found /bin/mt
configure:7210: result: mt
configure:7222: WARNING: using cross tools not prefixed with host triplet
configure:7233: checking if mt is a manifest tool
configure:7239: mt '-?'
configure:7247: result: no
configure:7889: checking how to run the C preprocessor
configure:7920: /opt/hisi-linux/x86-arm/arm-histbv310-linux/bin/arm-histbv310-linux-gcc -E  conftest.c
configure:7920: $? = 0
configure:7934: /opt/hisi-linux/x86-arm/arm-histbv310-linux/bin/arm-histbv310-linux-gcc -E  conftest.c
conftest.c:27:28: fatal error: ac_nonexistent.h: No such file or directory
 #include <ac_nonexistent.h>
                            ^
compilation terminated.
configure:7934: $? = 1
configure: failed program was:
| /* confdefs.h */
| #define PACKAGE_NAME "libupnp"
| #define PACKAGE_TARNAME "libupnp"
| #define PACKAGE_VERSION "1.6.19"
| #define PACKAGE_STRING "libupnp 1.6.19"
| #define PACKAGE_BUGREPORT "mroberto@users.sourceforge.net"
| #define PACKAGE_URL ""
| #define PACKAGE "libupnp"
| #define VERSION "1.6.19"
| #define UPNP_VERSION_STRING "1.6.19"
| #define UPNP_VERSION_MAJOR 1
| #define UPNP_VERSION_MINOR 6
| #define UPNP_VERSION_PATCH 19
| #define NO_DEBUG 1
| #define NDEBUG 1
| #define UPNP_HAVE_CLIENT 1
| #define UPNP_HAVE_DEVICE 1
| #define UPNP_HAVE_WEBSERVER 1
| #define UPNP_HAVE_SSDP 1
| #define UPNP_HAVE_OPTSSDP 1
| #define UPNP_HAVE_SOAP 1
| #define UPNP_HAVE_GENA 1
| #define UPNP_HAVE_TOOLS 1
| #define UPNP_ENABLE_NOTIFICATION_REORDERING 1
| #define UPNP_ENABLE_BLOCKING_TCP_CONNECTIONS 1
| /* end confdefs.h.  */
| #include <ac_nonexistent.h>
configure:7959: result: /opt/hisi-linux/x86-arm/arm-histbv310-linux/bin/arm-histbv310-linux-gcc -E
configure:7979: /opt/hisi-linux/x86-arm/arm-histbv310-linux/bin/arm-histbv310-linux-gcc -E  conftest.c
configure:7979: $? = 0
configure:7993: /opt/hisi-linux/x86-arm/arm-histbv310-linux/bin/arm-histbv310-linux-gcc -E  conftest.c
conftest.c:27:28: fatal error: ac_nonexistent.h: No such file or directory
 #include <ac_nonexistent.h>
                            ^
compilation terminated.
configure:7993: $? = 1
configure: failed program was:
| /* confdefs.h */
| #define PACKAGE_NAME "libupnp"
| #define PACKAGE_TARNAME "libupnp"
| #define PACKAGE_VERSION "1.6.19"
| #define PACKAGE_STRING "libupnp 1.6.19"
| #define PACKAGE_BUGREPORT "mroberto@users.sourceforge.net"
| #define PACKAGE_URL ""
| #define PACKAGE "libupnp"
| #define VERSION "1.6.19"
| #define UPNP_VERSION_STRING "1.6.19"
| #define UPNP_VERSION_MAJOR 1
| #define UPNP_VERSION_MINOR 6
| #define UPNP_VERSION_PATCH 19
| #define NO_DEBUG 1
| #define NDEBUG 1
| #define UPNP_HAVE_CLIENT 1
| #define UPNP_HAVE_DEVICE 1
| #define UPNP_HAVE_WEBSERVER 1
| #define UPNP_HAVE_SSDP 1
| #define UPNP_HAVE_OPTSSDP 1
| #define UPNP_HAVE_SOAP 1
| #define UPNP_HAVE_GENA 1
| #define UPNP_HAVE_TOOLS 1
| #define UPNP_ENABLE_NOTIFICATION_REORDERING 1
| #define UPNP_ENABLE_BLOCKING_TCP_CONNECTIONS 1
| /* end confdefs.h.  */
| #include <ac_nonexistent.h>
configure:8022: checking for ANSI C header files
configure:8042: /opt/hisi-linux/x86-arm/arm-histbv310-linux/bin/arm-histbv310-linux-gcc -c -O3 -march=armv7-a -mcpu=cortex-a9 -mfloat-abi=softfp -mfpu=vfpv3-d16 -ffunction-sections -fdata-sections -Wl,--gc-sections   conftest.c >&5
configure:8042: $? = 0
configure:8126: result: yes
configure:8139: checking for sys/types.h
configure:8139: /opt/hisi-linux/x86-arm/arm-histbv310-linux/bin/arm-histbv310-linux-gcc -c -O3 -march=armv7-a -mcpu=cortex-a9 -mfloat-abi=softfp -mfpu=vfpv3-d16 -ffunction-sections -fdata-sections -Wl,--gc-sections   conftest.c >&5
configure:8139: $? = 0
configure:8139: result: yes
configure:8139: checking for sys/stat.h
configure:8139: /opt/hisi-linux/x86-arm/arm-histbv310-linux/bin/arm-histbv310-linux-gcc -c -O3 -march=armv7-a -mcpu=cortex-a9 -mfloat-abi=softfp -mfpu=vfpv3-d16 -ffunction-sections -fdata-sections -Wl,--gc-sections   conftest.c >&5
configure:8139: $? = 0
configure:8139: result: yes
configure:8139: checking for stdlib.h
configure:8139: /opt/hisi-linux/x86-arm/arm-histbv310-linux/bin/arm-histbv310-linux-gcc -c -O3 -march=armv7-a -mcpu=cortex-a9 -mfloat-abi=softfp -mfpu=vfpv3-d16 -ffunction-sections -fdata-sections -Wl,--gc-sections   conftest.c >&5
configure:8139: $? = 0
configure:8139: result: yes
configure:8139: checking for string.h
configure:8139: /opt/hisi-linux/x86-arm/arm-histbv310-linux/bin/arm-histbv310-linux-gcc -c -O3 -march=armv7-a -mcpu=cortex-a9 -mfloat-abi=softfp -mfpu=vfpv3-d16 -ffunction-sections -fdata-sections -Wl,--gc-sections   conftest.c >&5
configure:8139: $? = 0
configure:8139: result: yes
configure:8139: checking for memory.h
configure:8139: /opt/hisi-linux/x86-arm/arm-histbv310-linux/bin/arm-histbv310-linux-gcc -c -O3 -march=armv7-a -mcpu=cortex-a9 -mfloat-abi=softfp -mfpu=vfpv3-d16 -ffunction-sections -fdata-sections -Wl,--gc-sections   conftest.c >&5
configure:8139: $? = 0
configure:8139: result: yes
configure:8139: checking for strings.h
configure:8139: /opt/hisi-linux/x86-arm/arm-histbv310-linux/bin/arm-histbv310-linux-gcc -c -O3 -march=armv7-a -mcpu=cortex-a9 -mfloat-abi=softfp -mfpu=vfpv3-d16 -ffunction-sections -fdata-sections -Wl,--gc-sections   conftest.c >&5
configure:8139: $? = 0
configure:8139: result: yes
configure:8139: checking for inttypes.h
configure:8139: /opt/hisi-linux/x86-arm/arm-histbv310-linux/bin/arm-histbv310-linux-gcc -c -O3 -march=armv7-a -mcpu=cortex-a9 -mfloat-abi=softfp -mfpu=vfpv3-d16 -ffunction-sections -fdata-sections -Wl,--gc-sections   conftest.c >&5
configure:8139: $? = 0
configure:8139: result: yes
configure:8139: checking for stdint.h
configure:8139: /opt/hisi-linux/x86-arm/arm-histbv310-linux/bin/arm-histbv310-linux-gcc -c -O3 -march=armv7-a -mcpu=cortex-a9 -mfloat-abi=softfp -mfpu=vfpv3-d16 -ffunction-sections -fdata-sections -Wl,--gc-sections   conftest.c >&5
configure:8139: $? = 0
configure:8139: result: yes
configure:8139: checking for unistd.h
configure:8139: /opt/hisi-linux/x86-arm/arm-histbv310-linux/bin/arm-histbv310-linux-gcc -c -O3 -march=armv7-a -mcpu=cortex-a9 -mfloat-abi=softfp -mfpu=vfpv3-d16 -ffunction-sections -fdata-sections -Wl,--gc-sections   conftest.c >&5
configure:8139: $? = 0
configure:8139: result: yes
configure:8154: checking for dlfcn.h
configure:8154: /opt/hisi-linux/x86-arm/arm-histbv310-linux/bin/arm-histbv310-linux-gcc -c -O3 -march=armv7-a -mcpu=cortex-a9 -mfloat-abi=softfp -mfpu=vfpv3-d16 -ffunction-sections -fdata-sections -Wl,--gc-sections   conftest.c >&5
configure:8154: $? = 0
configure:8154: result: yes
configure:8360: checking for objdir
configure:8375: result: .libs
configure:8646: checking if /opt/hisi-linux/x86-arm/arm-histbv310-linux/bin/arm-histbv310-linux-gcc supports -fno-rtti -fno-exceptions
configure:8664: /opt/hisi-linux/x86-arm/arm-histbv310-linux/bin/arm-histbv310-linux-gcc -c -O3 -march=armv7-a -mcpu=cortex-a9 -mfloat-abi=softfp -mfpu=vfpv3-d16 -ffunction-sections -fdata-sections -Wl,--gc-sections   -fno-rtti -fno-exceptions conftest.c >&5
cc1: warning: command line option '-fno-rtti' is valid for C++/ObjC++ but not for C
configure:8668: $? = 0
configure:8681: result: no
configure:9008: checking for /opt/hisi-linux/x86-arm/arm-histbv310-linux/bin/arm-histbv310-linux-gcc option to produce PIC
configure:9015: result: -fPIC -DPIC
configure:9023: checking if /opt/hisi-linux/x86-arm/arm-histbv310-linux/bin/arm-histbv310-linux-gcc PIC flag -fPIC -DPIC works
configure:9041: /opt/hisi-linux/x86-arm/arm-histbv310-linux/bin/arm-histbv310-linux-gcc -c -O3 -march=armv7-a -mcpu=cortex-a9 -mfloat-abi=softfp -mfpu=vfpv3-d16 -ffunction-sections -fdata-sections -Wl,--gc-sections   -fPIC -DPIC -DPIC conftest.c >&5
configure:9045: $? = 0
configure:9058: result: yes
configure:9087: checking if /opt/hisi-linux/x86-arm/arm-histbv310-linux/bin/arm-histbv310-linux-gcc static flag -static works
configure:9115: result: yes
configure:9130: checking if /opt/hisi-linux/x86-arm/arm-histbv310-linux/bin/arm-histbv310-linux-gcc supports -c -o file.o
configure:9151: /opt/hisi-linux/x86-arm/arm-histbv310-linux/bin/arm-histbv310-linux-gcc -c -O3 -march=armv7-a -mcpu=cortex-a9 -mfloat-abi=softfp -mfpu=vfpv3-d16 -ffunction-sections -fdata-sections -Wl,--gc-sections   -o out/conftest2.o conftest.c >&5
configure:9155: $? = 0
configure:9177: result: yes
configure:9185: checking if /opt/hisi-linux/x86-arm/arm-histbv310-linux/bin/arm-histbv310-linux-gcc supports -c -o file.o
configure:9232: result: yes
configure:9265: checking whether the /opt/hisi-linux/x86-arm/arm-histbv310-linux/bin/arm-histbv310-linux-gcc linker (/opt/hisi-linux/x86-arm/arm-histbv310-linux/arm-gcc49-linux-gnueabi/bin/ld) supports shared libraries
configure:10418: result: yes
configure:10658: checking dynamic linker characteristics
configure:11169: /opt/hisi-linux/x86-arm/arm-histbv310-linux/bin/arm-histbv310-linux-gcc -o conftest -O3 -march=armv7-a -mcpu=cortex-a9 -mfloat-abi=softfp -mfpu=vfpv3-d16 -ffunction-sections -fdata-sections -Wl,--gc-sections    -Wl,-rpath -Wl,/foo conftest.c  >&5
configure:11169: $? = 0
configure:11391: result: GNU/Linux ld.so
configure:11498: checking how to hardcode library paths into programs
configure:11523: result: immediate
configure:12063: checking whether stripping libraries is possible
configure:12068: result: yes
configure:12103: checking if libtool supports shared libraries
configure:12105: result: yes
configure:12108: checking whether to build shared libraries
configure:12129: result: no
configure:12132: checking whether to build static libraries
configure:12136: result: yes
configure:12174: checking whether make sets $(MAKE)
configure:12196: result: yes
configure:12205: checking for egrep
configure:12267: result: /bin/grep -E
configure:12356: checking CFLAGS for gcc -Os
configure:12383: /opt/hisi-linux/x86-arm/arm-histbv310-linux/bin/arm-histbv310-linux-gcc -c -O3 -march=armv7-a -mcpu=cortex-a9 -mfloat-abi=softfp -mfpu=vfpv3-d16 -ffunction-sections -fdata-sections -Wl,--gc-sections  -pedantic -Werror  -Os  conftest.c >&5
configure:12383: $? = 0
configure:12397: result: -Os
configure:12409: : CFLAGS="$CFLAGS $ac_cv_cflags_gcc_option__Os"
configure:12412: $? = 0
configure:12423: checking CFLAGS for maximum warnings
configure:12450: /opt/hisi-linux/x86-arm/arm-histbv310-linux/bin/arm-histbv310-linux-gcc -c -O3 -march=armv7-a -mcpu=cortex-a9 -mfloat-abi=softfp -mfpu=vfpv3-d16 -ffunction-sections -fdata-sections -Wl,--gc-sections  -Os -pedantic  -Wall  conftest.c >&5
configure:12450: $? = 0
configure:12464: result: -Wall
configure:12477: : CFLAGS="$CFLAGS $ac_cv_cflags_warn_all"
configure:12480: $? = 0
configure:12493: checking for size_t
configure:12493: /opt/hisi-linux/x86-arm/arm-histbv310-linux/bin/arm-histbv310-linux-gcc -c -O3 -march=armv7-a -mcpu=cortex-a9 -mfloat-abi=softfp -mfpu=vfpv3-d16 -ffunction-sections -fdata-sections -Wl,--gc-sections  -Os -Wall  conftest.c >&5
configure:12493: $? = 0
configure:12493: /opt/hisi-linux/x86-arm/arm-histbv310-linux/bin/arm-histbv310-linux-gcc -c -O3 -march=armv7-a -mcpu=cortex-a9 -mfloat-abi=softfp -mfpu=vfpv3-d16 -ffunction-sections -fdata-sections -Wl,--gc-sections  -Os -Wall  conftest.c >&5
conftest.c: In function 'main':
conftest.c:75:21: error: expected expression before ')' token
 if (sizeof ((size_t)))
                     ^
configure:12493: $? = 1
configure: failed program was:
| /* confdefs.h */
| #define PACKAGE_NAME "libupnp"
| #define PACKAGE_TARNAME "libupnp"
| #define PACKAGE_VERSION "1.6.19"
| #define PACKAGE_STRING "libupnp 1.6.19"
| #define PACKAGE_BUGREPORT "mroberto@users.sourceforge.net"
| #define PACKAGE_URL ""
| #define PACKAGE "libupnp"
| #define VERSION "1.6.19"
| #define UPNP_VERSION_STRING "1.6.19"
| #define UPNP_VERSION_MAJOR 1
| #define UPNP_VERSION_MINOR 6
| #define UPNP_VERSION_PATCH 19
| #define NO_DEBUG 1
| #define NDEBUG 1
| #define UPNP_HAVE_CLIENT 1
| #define UPNP_HAVE_DEVICE 1
| #define UPNP_HAVE_WEBSERVER 1
| #define UPNP_HAVE_SSDP 1
| #define UPNP_HAVE_OPTSSDP 1
| #define UPNP_HAVE_SOAP 1
| #define UPNP_HAVE_GENA 1
| #define UPNP_HAVE_TOOLS 1
| #define UPNP_ENABLE_NOTIFICATION_REORDERING 1
| #define UPNP_ENABLE_BLOCKING_TCP_CONNECTIONS 1
| #define STDC_HEADERS 1
| #define HAVE_SYS_TYPES_H 1
| #define HAVE_SYS_STAT_H 1
| #define HAVE_STDLIB_H 1
| #define HAVE_STRING_H 1
| #define HAVE_MEMORY_H 1
| #define HAVE_STRINGS_H 1
| #define HAVE_INTTYPES_H 1
| #define HAVE_STDINT_H 1
| #define HAVE_UNISTD_H 1
| #define HAVE_DLFCN_H 1
| #define LT_OBJDIR ".libs/"
| /* end confdefs.h.  */
| #include <stdio.h>
| #ifdef HAVE_SYS_TYPES_H
| # include <sys/types.h>
| #endif
| #ifdef HAVE_SYS_STAT_H
| # include <sys/stat.h>
| #endif
| #ifdef STDC_HEADERS
| # include <stdlib.h>
| # include <stddef.h>
| #else
| # ifdef HAVE_STDLIB_H
| #  include <stdlib.h>
| # endif
| #endif
| #ifdef HAVE_STRING_H
| # if !defined STDC_HEADERS && defined HAVE_MEMORY_H
| #  include <memory.h>
| # endif
| # include <string.h>
| #endif
| #ifdef HAVE_STRINGS_H
| # include <strings.h>
| #endif
| #ifdef HAVE_INTTYPES_H
| # include <inttypes.h>
| #endif
| #ifdef HAVE_STDINT_H
| # include <stdint.h>
| #endif
| #ifdef HAVE_UNISTD_H
| # include <unistd.h>
| #endif
| int
| main ()
| {
| if (sizeof ((size_t)))
| 	    return 0;
|   ;
|   return 0;
| }
configure:12493: result: yes
configure:12504: checking for off_t
configure:12504: /opt/hisi-linux/x86-arm/arm-histbv310-linux/bin/arm-histbv310-linux-gcc -c -O3 -march=armv7-a -mcpu=cortex-a9 -mfloat-abi=softfp -mfpu=vfpv3-d16 -ffunction-sections -fdata-sections -Wl,--gc-sections  -Os -Wall  conftest.c >&5
configure:12504: $? = 0
configure:12504: /opt/hisi-linux/x86-arm/arm-histbv310-linux/bin/arm-histbv310-linux-gcc -c -O3 -march=armv7-a -mcpu=cortex-a9 -mfloat-abi=softfp -mfpu=vfpv3-d16 -ffunction-sections -fdata-sections -Wl,--gc-sections  -Os -Wall  conftest.c >&5
conftest.c: In function 'main':
conftest.c:75:20: error: expected expression before ')' token
 if (sizeof ((off_t)))
                    ^
configure:12504: $? = 1
configure: failed program was:
| /* confdefs.h */
| #define PACKAGE_NAME "libupnp"
| #define PACKAGE_TARNAME "libupnp"
| #define PACKAGE_VERSION "1.6.19"
| #define PACKAGE_STRING "libupnp 1.6.19"
| #define PACKAGE_BUGREPORT "mroberto@users.sourceforge.net"
| #define PACKAGE_URL ""
| #define PACKAGE "libupnp"
| #define VERSION "1.6.19"
| #define UPNP_VERSION_STRING "1.6.19"
| #define UPNP_VERSION_MAJOR 1
| #define UPNP_VERSION_MINOR 6
| #define UPNP_VERSION_PATCH 19
| #define NO_DEBUG 1
| #define NDEBUG 1
| #define UPNP_HAVE_CLIENT 1
| #define UPNP_HAVE_DEVICE 1
| #define UPNP_HAVE_WEBSERVER 1
| #define UPNP_HAVE_SSDP 1
| #define UPNP_HAVE_OPTSSDP 1
| #define UPNP_HAVE_SOAP 1
| #define UPNP_HAVE_GENA 1
| #define UPNP_HAVE_TOOLS 1
| #define UPNP_ENABLE_NOTIFICATION_REORDERING 1
| #define UPNP_ENABLE_BLOCKING_TCP_CONNECTIONS 1
| #define STDC_HEADERS 1
| #define HAVE_SYS_TYPES_H 1
| #define HAVE_SYS_STAT_H 1
| #define HAVE_STDLIB_H 1
| #define HAVE_STRING_H 1
| #define HAVE_MEMORY_H 1
| #define HAVE_STRINGS_H 1
| #define HAVE_INTTYPES_H 1
| #define HAVE_STDINT_H 1
| #define HAVE_UNISTD_H 1
| #define HAVE_DLFCN_H 1
| #define LT_OBJDIR ".libs/"
| /* end confdefs.h.  */
| #include <stdio.h>
| #ifdef HAVE_SYS_TYPES_H
| # include <sys/types.h>
| #endif
| #ifdef HAVE_SYS_STAT_H
| # include <sys/stat.h>
| #endif
| #ifdef STDC_HEADERS
| # include <stdlib.h>
| # include <stddef.h>
| #else
| # ifdef HAVE_STDLIB_H
| #  include <stdlib.h>
| # endif
| #endif
| #ifdef HAVE_STRING_H
| # if !defined STDC_HEADERS && defined HAVE_MEMORY_H
| #  include <memory.h>
| # endif
| # include <string.h>
| #endif
| #ifdef HAVE_STRINGS_H
| # include <strings.h>
| #endif
| #ifdef HAVE_INTTYPES_H
| # include <inttypes.h>
| #endif
| #ifdef HAVE_STDINT_H
| # include <stdint.h>
| #endif
| #ifdef HAVE_UNISTD_H
| # include <unistd.h>
| #endif
| int
| main ()
| {
| if (sizeof ((off_t)))
| 	    return 0;
|   ;
|   return 0;
| }
configure:12504: result: yes
configure:12526: checking for Win32
configure:12543: /opt/hisi-linux/x86-arm/arm-histbv310-linux/bin/arm-histbv310-linux-gcc -c -O3 -march=armv7-a -mcpu=cortex-a9 -mfloat-abi=softfp -mfpu=vfpv3-d16 -ffunction-sections -fdata-sections -Wl,--gc-sections  -Os -Wall  conftest.c >&5
configure:12543: $? = 0
configure:12553: result: no
configure:12561: checking for ANSI C header files
configure:12665: result: yes
configure:12693: checking arpa/inet.h usability
configure:12693: /opt/hisi-linux/x86-arm/arm-histbv310-linux/bin/arm-histbv310-linux-gcc -c -O3 -march=armv7-a -mcpu=cortex-a9 -mfloat-abi=softfp -mfpu=vfpv3-d16 -ffunction-sections -fdata-sections -Wl,--gc-sections  -Os -Wall  conftest.c >&5
configure:12693: $? = 0
configure:12693: result: yes
configure:12693: checking arpa/inet.h presence
configure:12693: /opt/hisi-linux/x86-arm/arm-histbv310-linux/bin/arm-histbv310-linux-gcc -E  conftest.c
configure:12693: $? = 0
configure:12693: result: yes
configure:12693: checking for arpa/inet.h
configure:12693: result: yes
configure:12693: checking fcntl.h usability
configure:12693: /opt/hisi-linux/x86-arm/arm-histbv310-linux/bin/arm-histbv310-linux-gcc -c -O3 -march=armv7-a -mcpu=cortex-a9 -mfloat-abi=softfp -mfpu=vfpv3-d16 -ffunction-sections -fdata-sections -Wl,--gc-sections  -Os -Wall  conftest.c >&5
configure:12693: $? = 0
configure:12693: result: yes
configure:12693: checking fcntl.h presence
configure:12693: /opt/hisi-linux/x86-arm/arm-histbv310-linux/bin/arm-histbv310-linux-gcc -E  conftest.c
configure:12693: $? = 0
configure:12693: result: yes
configure:12693: checking for fcntl.h
configure:12693: result: yes
configure:12693: checking for inttypes.h
configure:12693: result: yes
configure:12693: checking limits.h usability
configure:12693: /opt/hisi-linux/x86-arm/arm-histbv310-linux/bin/arm-histbv310-linux-gcc -c -O3 -march=armv7-a -mcpu=cortex-a9 -mfloat-abi=softfp -mfpu=vfpv3-d16 -ffunction-sections -fdata-sections -Wl,--gc-sections  -Os -Wall  conftest.c >&5
configure:12693: $? = 0
configure:12693: result: yes
configure:12693: checking limits.h presence
configure:12693: /opt/hisi-linux/x86-arm/arm-histbv310-linux/bin/arm-histbv310-linux-gcc -E  conftest.c
configure:12693: $? = 0
configure:12693: result: yes
configure:12693: checking for limits.h
configure:12693: result: yes
configure:12693: checking netdb.h usability
configure:12693: /opt/hisi-linux/x86-arm/arm-histbv310-linux/bin/arm-histbv310-linux-gcc -c -O3 -march=armv7-a -mcpu=cortex-a9 -mfloat-abi=softfp -mfpu=vfpv3-d16 -ffunction-sections -fdata-sections -Wl,--gc-sections  -Os -Wall  conftest.c >&5
configure:12693: $? = 0
configure:12693: result: yes
configure:12693: checking netdb.h presence
configure:12693: /opt/hisi-linux/x86-arm/arm-histbv310-linux/bin/arm-histbv310-linux-gcc -E  conftest.c
configure:12693: $? = 0
configure:12693: result: yes
configure:12693: checking for netdb.h
configure:12693: result: yes
configure:12693: checking netinet/in.h usability
configure:12693: /opt/hisi-linux/x86-arm/arm-histbv310-linux/bin/arm-histbv310-linux-gcc -c -O3 -march=armv7-a -mcpu=cortex-a9 -mfloat-abi=softfp -mfpu=vfpv3-d16 -ffunction-sections -fdata-sections -Wl,--gc-sections  -Os -Wall  conftest.c >&5
configure:12693: $? = 0
configure:12693: result: yes
configure:12693: checking netinet/in.h presence
configure:12693: /opt/hisi-linux/x86-arm/arm-histbv310-linux/bin/arm-histbv310-linux-gcc -E  conftest.c
configure:12693: $? = 0
configure:12693: result: yes
configure:12693: checking for netinet/in.h
configure:12693: result: yes
configure:12693: checking for stdlib.h
configure:12693: result: yes
configure:12693: checking for string.h
configure:12693: result: yes
configure:12693: checking sys/ioctl.h usability
configure:12693: /opt/hisi-linux/x86-arm/arm-histbv310-linux/bin/arm-histbv310-linux-gcc -c -O3 -march=armv7-a -mcpu=cortex-a9 -mfloat-abi=softfp -mfpu=vfpv3-d16 -ffunction-sections -fdata-sections -Wl,--gc-sections  -Os -Wall  conftest.c >&5
configure:12693: $? = 0
configure:12693: result: yes
configure:12693: checking sys/ioctl.h presence
configure:12693: /opt/hisi-linux/x86-arm/arm-histbv310-linux/bin/arm-histbv310-linux-gcc -E  conftest.c
configure:12693: $? = 0
configure:12693: result: yes
configure:12693: checking for sys/ioctl.h
configure:12693: result: yes
configure:12693: checking sys/socket.h usability
configure:12693: /opt/hisi-linux/x86-arm/arm-histbv310-linux/bin/arm-histbv310-linux-gcc -c -O3 -march=armv7-a -mcpu=cortex-a9 -mfloat-abi=softfp -mfpu=vfpv3-d16 -ffunction-sections -fdata-sections -Wl,--gc-sections  -Os -Wall  conftest.c >&5
configure:12693: $? = 0
configure:12693: result: yes
configure:12693: checking sys/socket.h presence
configure:12693: /opt/hisi-linux/x86-arm/arm-histbv310-linux/bin/arm-histbv310-linux-gcc -E  conftest.c
configure:12693: $? = 0
configure:12693: result: yes
configure:12693: checking for sys/socket.h
configure:12693: result: yes
configure:12693: checking sys/time.h usability
configure:12693: /opt/hisi-linux/x86-arm/arm-histbv310-linux/bin/arm-histbv310-linux-gcc -c -O3 -march=armv7-a -mcpu=cortex-a9 -mfloat-abi=softfp -mfpu=vfpv3-d16 -ffunction-sections -fdata-sections -Wl,--gc-sections  -Os -Wall  conftest.c >&5
configure:12693: $? = 0
configure:12693: result: yes
configure:12693: checking sys/time.h presence
configure:12693: /opt/hisi-linux/x86-arm/arm-histbv310-linux/bin/arm-histbv310-linux-gcc -E  conftest.c
configure:12693: $? = 0
configure:12693: result: yes
configure:12693: checking for sys/time.h
configure:12693: result: yes
configure:12693: checking syslog.h usability
configure:12693: /opt/hisi-linux/x86-arm/arm-histbv310-linux/bin/arm-histbv310-linux-gcc -c -O3 -march=armv7-a -mcpu=cortex-a9 -mfloat-abi=softfp -mfpu=vfpv3-d16 -ffunction-sections -fdata-sections -Wl,--gc-sections  -Os -Wall  conftest.c >&5
configure:12693: $? = 0
configure:12693: result: yes
configure:12693: checking syslog.h presence
configure:12693: /opt/hisi-linux/x86-arm/arm-histbv310-linux/bin/arm-histbv310-linux-gcc -E  conftest.c
configure:12693: $? = 0
configure:12693: result: yes
configure:12693: checking for syslog.h
configure:12693: result: yes
configure:12693: checking for unistd.h
configure:12693: result: yes
configure:12712: checking for an ANSI C-conforming const
configure:12777: /opt/hisi-linux/x86-arm/arm-histbv310-linux/bin/arm-histbv310-linux-gcc -c -O3 -march=armv7-a -mcpu=cortex-a9 -mfloat-abi=softfp -mfpu=vfpv3-d16 -ffunction-sections -fdata-sections -Wl,--gc-sections  -Os -Wall  conftest.c >&5
conftest.c: In function 'main':
conftest.c:84:7: warning: 't' is used uninitialized in this function [-Wuninitialized]
     *t++ = 0;
       ^
conftest.c:106:13: warning: 'cs[0]' is used uninitialized in this function [-Wuninitialized]
   return !cs[0] && !zero.x;
             ^
configure:12777: $? = 0
configure:12784: result: yes
configure:12800: checking for sys/types.h
configure:12800: result: yes
configure:12800: checking for sys/socket.h
configure:12800: result: yes
configure:12800: checking ws2tcpip.h usability
configure:12800: /opt/hisi-linux/x86-arm/arm-histbv310-linux/bin/arm-histbv310-linux-gcc -c -O3 -march=armv7-a -mcpu=cortex-a9 -mfloat-abi=softfp -mfpu=vfpv3-d16 -ffunction-sections -fdata-sections -Wl,--gc-sections  -Os -Wall  conftest.c >&5
conftest.c:90:22: fatal error: ws2tcpip.h: No such file or directory
 #include <ws2tcpip.h>
                      ^
compilation terminated.
configure:12800: $? = 1
configure: failed program was:
| /* confdefs.h */
| #define PACKAGE_NAME "libupnp"
| #define PACKAGE_TARNAME "libupnp"
| #define PACKAGE_VERSION "1.6.19"
| #define PACKAGE_STRING "libupnp 1.6.19"
| #define PACKAGE_BUGREPORT "mroberto@users.sourceforge.net"
| #define PACKAGE_URL ""
| #define PACKAGE "libupnp"
| #define VERSION "1.6.19"
| #define UPNP_VERSION_STRING "1.6.19"
| #define UPNP_VERSION_MAJOR 1
| #define UPNP_VERSION_MINOR 6
| #define UPNP_VERSION_PATCH 19
| #define NO_DEBUG 1
| #define NDEBUG 1
| #define UPNP_HAVE_CLIENT 1
| #define UPNP_HAVE_DEVICE 1
| #define UPNP_HAVE_WEBSERVER 1
| #define UPNP_HAVE_SSDP 1
| #define UPNP_HAVE_OPTSSDP 1
| #define UPNP_HAVE_SOAP 1
| #define UPNP_HAVE_GENA 1
| #define UPNP_HAVE_TOOLS 1
| #define UPNP_ENABLE_NOTIFICATION_REORDERING 1
| #define UPNP_ENABLE_BLOCKING_TCP_CONNECTIONS 1
| #define STDC_HEADERS 1
| #define HAVE_SYS_TYPES_H 1
| #define HAVE_SYS_STAT_H 1
| #define HAVE_STDLIB_H 1
| #define HAVE_STRING_H 1
| #define HAVE_MEMORY_H 1
| #define HAVE_STRINGS_H 1
| #define HAVE_INTTYPES_H 1
| #define HAVE_STDINT_H 1
| #define HAVE_UNISTD_H 1
| #define HAVE_DLFCN_H 1
| #define LT_OBJDIR ".libs/"
| #define _LARGE_FILE_SOURCE /**/
| #define _FILE_OFFSET_BITS 64
| #define STDC_HEADERS 1
| #define HAVE_ARPA_INET_H 1
| #define HAVE_FCNTL_H 1
| #define HAVE_INTTYPES_H 1
| #define HAVE_LIMITS_H 1
| #define HAVE_NETDB_H 1
| #define HAVE_NETINET_IN_H 1
| #define HAVE_STDLIB_H 1
| #define HAVE_STRING_H 1
| #define HAVE_SYS_IOCTL_H 1
| #define HAVE_SYS_SOCKET_H 1
| #define HAVE_SYS_TIME_H 1
| #define HAVE_SYSLOG_H 1
| #define HAVE_UNISTD_H 1
| #define HAVE_SYS_TYPES_H 1
| #define HAVE_SYS_SOCKET_H 1
| /* end confdefs.h.  */
| #include <stdio.h>
| #ifdef HAVE_SYS_TYPES_H
| # include <sys/types.h>
| #endif
| #ifdef HAVE_SYS_STAT_H
| # include <sys/stat.h>
| #endif
| #ifdef STDC_HEADERS
| # include <stdlib.h>
| # include <stddef.h>
| #else
| # ifdef HAVE_STDLIB_H
| #  include <stdlib.h>
| # endif
| #endif
| #ifdef HAVE_STRING_H
| # if !defined STDC_HEADERS && defined HAVE_MEMORY_H
| #  include <memory.h>
| # endif
| # include <string.h>
| #endif
| #ifdef HAVE_STRINGS_H
| # include <strings.h>
| #endif
| #ifdef HAVE_INTTYPES_H
| # include <inttypes.h>
| #endif
| #ifdef HAVE_STDINT_H
| # include <stdint.h>
| #endif
| #ifdef HAVE_UNISTD_H
| # include <unistd.h>
| #endif
| #include <ws2tcpip.h>
configure:12800: result: no
configure:12800: checking ws2tcpip.h presence
configure:12800: /opt/hisi-linux/x86-arm/arm-histbv310-linux/bin/arm-histbv310-linux-gcc -E  conftest.c
conftest.c:57:22: fatal error: ws2tcpip.h: No such file or directory
 #include <ws2tcpip.h>
                      ^
compilation terminated.
configure:12800: $? = 1
configure: failed program was:
| /* confdefs.h */
| #define PACKAGE_NAME "libupnp"
| #define PACKAGE_TARNAME "libupnp"
| #define PACKAGE_VERSION "1.6.19"
| #define PACKAGE_STRING "libupnp 1.6.19"
| #define PACKAGE_BUGREPORT "mroberto@users.sourceforge.net"
| #define PACKAGE_URL ""
| #define PACKAGE "libupnp"
| #define VERSION "1.6.19"
| #define UPNP_VERSION_STRING "1.6.19"
| #define UPNP_VERSION_MAJOR 1
| #define UPNP_VERSION_MINOR 6
| #define UPNP_VERSION_PATCH 19
| #define NO_DEBUG 1
| #define NDEBUG 1
| #define UPNP_HAVE_CLIENT 1
| #define UPNP_HAVE_DEVICE 1
| #define UPNP_HAVE_WEBSERVER 1
| #define UPNP_HAVE_SSDP 1
| #define UPNP_HAVE_OPTSSDP 1
| #define UPNP_HAVE_SOAP 1
| #define UPNP_HAVE_GENA 1
| #define UPNP_HAVE_TOOLS 1
| #define UPNP_ENABLE_NOTIFICATION_REORDERING 1
| #define UPNP_ENABLE_BLOCKING_TCP_CONNECTIONS 1
| #define STDC_HEADERS 1
| #define HAVE_SYS_TYPES_H 1
| #define HAVE_SYS_STAT_H 1
| #define HAVE_STDLIB_H 1
| #define HAVE_STRING_H 1
| #define HAVE_MEMORY_H 1
| #define HAVE_STRINGS_H 1
| #define HAVE_INTTYPES_H 1
| #define HAVE_STDINT_H 1
| #define HAVE_UNISTD_H 1
| #define HAVE_DLFCN_H 1
| #define LT_OBJDIR ".libs/"
| #define _LARGE_FILE_SOURCE /**/
| #define _FILE_OFFSET_BITS 64
| #define STDC_HEADERS 1
| #define HAVE_ARPA_INET_H 1
| #define HAVE_FCNTL_H 1
| #define HAVE_INTTYPES_H 1
| #define HAVE_LIMITS_H 1
| #define HAVE_NETDB_H 1
| #define HAVE_NETINET_IN_H 1
| #define HAVE_STDLIB_H 1
| #define HAVE_STRING_H 1
| #define HAVE_SYS_IOCTL_H 1
| #define HAVE_SYS_SOCKET_H 1
| #define HAVE_SYS_TIME_H 1
| #define HAVE_SYSLOG_H 1
| #define HAVE_UNISTD_H 1
| #define HAVE_SYS_TYPES_H 1
| #define HAVE_SYS_SOCKET_H 1
| /* end confdefs.h.  */
| #include <ws2tcpip.h>
configure:12800: result: no
configure:12800: checking for ws2tcpip.h
configure:12800: result: no
configure:12811: checking for socklen_t
configure:12835: /opt/hisi-linux/x86-arm/arm-histbv310-linux/bin/arm-histbv310-linux-gcc -c -O3 -march=armv7-a -mcpu=cortex-a9 -mfloat-abi=softfp -mfpu=vfpv3-d16 -ffunction-sections -fdata-sections -Wl,--gc-sections  -Os -Wall  conftest.c >&5
configure:12835: $? = 0
configure:12842: result: yes
configure:12858: checking for vprintf
configure:12858: /opt/hisi-linux/x86-arm/arm-histbv310-linux/bin/arm-histbv310-linux-gcc -o conftest -O3 -march=armv7-a -mcpu=cortex-a9 -mfloat-abi=softfp -mfpu=vfpv3-d16 -ffunction-sections -fdata-sections -Wl,--gc-sections  -Os -Wall   conftest.c  >&5
conftest.c:80:6: warning: conflicting types for built-in function 'vprintf'
 char vprintf ();
      ^
configure:12858: $? = 0
configure:12858: result: yes
configure:12864: checking for _doprnt
configure:12864: /opt/hisi-linux/x86-arm/arm-histbv310-linux/bin/arm-histbv310-linux-gcc -o conftest -O3 -march=armv7-a -mcpu=cortex-a9 -mfloat-abi=softfp -mfpu=vfpv3-d16 -ffunction-sections -fdata-sections -Wl,--gc-sections  -Os -Wall   conftest.c  >&5
/tmp/ccMLdx1m.o: In function `main':
conftest.c:(.text.startup.main+0x4): undefined reference to `_doprnt'
collect2: error: ld returned 1 exit status
configure:12864: $? = 1
configure: failed program was:
| /* confdefs.h */
| #define PACKAGE_NAME "libupnp"
| #define PACKAGE_TARNAME "libupnp"
| #define PACKAGE_VERSION "1.6.19"
| #define PACKAGE_STRING "libupnp 1.6.19"
| #define PACKAGE_BUGREPORT "mroberto@users.sourceforge.net"
| #define PACKAGE_URL ""
| #define PACKAGE "libupnp"
| #define VERSION "1.6.19"
| #define UPNP_VERSION_STRING "1.6.19"
| #define UPNP_VERSION_MAJOR 1
| #define UPNP_VERSION_MINOR 6
| #define UPNP_VERSION_PATCH 19
| #define NO_DEBUG 1
| #define NDEBUG 1
| #define UPNP_HAVE_CLIENT 1
| #define UPNP_HAVE_DEVICE 1
| #define UPNP_HAVE_WEBSERVER 1
| #define UPNP_HAVE_SSDP 1
| #define UPNP_HAVE_OPTSSDP 1
| #define UPNP_HAVE_SOAP 1
| #define UPNP_HAVE_GENA 1
| #define UPNP_HAVE_TOOLS 1
| #define UPNP_ENABLE_NOTIFICATION_REORDERING 1
| #define UPNP_ENABLE_BLOCKING_TCP_CONNECTIONS 1
| #define STDC_HEADERS 1
| #define HAVE_SYS_TYPES_H 1
| #define HAVE_SYS_STAT_H 1
| #define HAVE_STDLIB_H 1
| #define HAVE_STRING_H 1
| #define HAVE_MEMORY_H 1
| #define HAVE_STRINGS_H 1
| #define HAVE_INTTYPES_H 1
| #define HAVE_STDINT_H 1
| #define HAVE_UNISTD_H 1
| #define HAVE_DLFCN_H 1
| #define LT_OBJDIR ".libs/"
| #define _LARGE_FILE_SOURCE /**/
| #define _FILE_OFFSET_BITS 64
| #define STDC_HEADERS 1
| #define HAVE_ARPA_INET_H 1
| #define HAVE_FCNTL_H 1
| #define HAVE_INTTYPES_H 1
| #define HAVE_LIMITS_H 1
| #define HAVE_NETDB_H 1
| #define HAVE_NETINET_IN_H 1
| #define HAVE_STDLIB_H 1
| #define HAVE_STRING_H 1
| #define HAVE_SYS_IOCTL_H 1
| #define HAVE_SYS_SOCKET_H 1
| #define HAVE_SYS_TIME_H 1
| #define HAVE_SYSLOG_H 1
| #define HAVE_UNISTD_H 1
| #define HAVE_SYS_TYPES_H 1
| #define HAVE_SYS_SOCKET_H 1
| #define HAVE_VPRINTF 1
| /* end confdefs.h.  */
| /* Define _doprnt to an innocuous variant, in case <limits.h> declares _doprnt.
|    For example, HP-UX 11i <limits.h> declares gettimeofday.  */
| #define _doprnt innocuous__doprnt
| 
| /* System header to define __stub macros and hopefully few prototypes,
|     which can conflict with char _doprnt (); below.
|     Prefer <limits.h> to <assert.h> if __STDC__ is defined, since
|     <limits.h> exists even on freestanding compilers.  */
| 
| #ifdef __STDC__
| # include <limits.h>
| #else
| # include <assert.h>
| #endif
| 
| #undef _doprnt
| 
| /* Override any GCC internal prototype to avoid an error.
|    Use char because int might match the return type of a GCC
|    builtin and then its argument prototype would still apply.  */
| #ifdef __cplusplus
| extern "C"
| #endif
| char _doprnt ();
| /* The GNU C library defines this for functions which it implements
|     to always fail with ENOSYS.  Some functions are actually named
|     something starting with __ and the normal name is an alias.  */
| #if defined __stub__doprnt || defined __stub____doprnt
| choke me
| #endif
| 
| int
| main ()
| {
| return _doprnt ();
|   ;
|   return 0;
| }
configure:12864: result: no
configure:12875: checking for _LARGEFILE_SOURCE value needed for large files
configure:12894: /opt/hisi-linux/x86-arm/arm-histbv310-linux/bin/arm-histbv310-linux-gcc -o conftest -O3 -march=armv7-a -mcpu=cortex-a9 -mfloat-abi=softfp -mfpu=vfpv3-d16 -ffunction-sections -fdata-sections -Wl,--gc-sections  -Os -Wall   conftest.c  >&5
configure:12894: $? = 0
configure:12922: result: no
configure:12943: checking for strnlen
configure:12943: /opt/hisi-linux/x86-arm/arm-histbv310-linux/bin/arm-histbv310-linux-gcc -o conftest -O3 -march=armv7-a -mcpu=cortex-a9 -mfloat-abi=softfp -mfpu=vfpv3-d16 -ffunction-sections -fdata-sections -Wl,--gc-sections  -Os -Wall   conftest.c  >&5
configure:12943: $? = 0
configure:12943: result: yes
configure:12950: checking for strndup
configure:12950: /opt/hisi-linux/x86-arm/arm-histbv310-linux/bin/arm-histbv310-linux-gcc -o conftest -O3 -march=armv7-a -mcpu=cortex-a9 -mfloat-abi=softfp -mfpu=vfpv3-d16 -ffunction-sections -fdata-sections -Wl,--gc-sections  -Os -Wall   conftest.c  >&5
conftest.c:83:6: warning: conflicting types for built-in function 'strndup'
 char strndup ();
      ^
configure:12950: $? = 0
configure:12950: result: yes
configure:12959: checking for library containing bind
configure:12990: /opt/hisi-linux/x86-arm/arm-histbv310-linux/bin/arm-histbv310-linux-gcc -o conftest -O3 -march=armv7-a -mcpu=cortex-a9 -mfloat-abi=softfp -mfpu=vfpv3-d16 -ffunction-sections -fdata-sections -Wl,--gc-sections  -Os -Wall   conftest.c  >&5
configure:12990: $? = 0
configure:13007: result: none required
configure:13015: checking for library containing gethostbyname
configure:13046: /opt/hisi-linux/x86-arm/arm-histbv310-linux/bin/arm-histbv310-linux-gcc -o conftest -O3 -march=armv7-a -mcpu=cortex-a9 -mfloat-abi=softfp -mfpu=vfpv3-d16 -ffunction-sections -fdata-sections -Wl,--gc-sections  -Os -Wall   conftest.c  >&5
configure:13046: $? = 0
configure:13063: result: none required
configure:13071: checking for library containing sched_getparam
configure:13102: /opt/hisi-linux/x86-arm/arm-histbv310-linux/bin/arm-histbv310-linux-gcc -o conftest -O3 -march=armv7-a -mcpu=cortex-a9 -mfloat-abi=softfp -mfpu=vfpv3-d16 -ffunction-sections -fdata-sections -Wl,--gc-sections  -Os -Wall   conftest.c  >&5
configure:13102: $? = 0
configure:13119: result: none required
configure:13298: checking for the pthreads library -lpthreads
configure:13331: /opt/hisi-linux/x86-arm/arm-histbv310-linux/bin/arm-histbv310-linux-gcc -o conftest -O3 -march=armv7-a -mcpu=cortex-a9 -mfloat-abi=softfp -mfpu=vfpv3-d16 -ffunction-sections -fdata-sections -Wl,--gc-sections  -Os -Wall    conftest.c -lpthreads  >&5
conftest.c: In function 'main':
conftest.c:66:22: warning: null argument where non-null required (argument 1) [-Wnonnull]
                      pthread_attr_init(0); pthread_cleanup_push(0, 0);
                      ^
conftest.c:67:22: warning: null argument where non-null required (argument 1) [-Wnonnull]
                      pthread_create(0,0,0,0); pthread_cleanup_pop(0);
                      ^
conftest.c:67:22: warning: null argument where non-null required (argument 3) [-Wnonnull]
conftest.c:65:15: warning: 'th' is used uninitialized in this function [-Wuninitialized]
 pthread_t th; pthread_join(th, 0);
               ^
/opt/hisi-linux/x86-arm/arm-histbv310-linux/bin/../lib/gcc/arm-gcc49-linux-gnueabi/4.9.2/../../../../arm-gcc49-linux-gnueabi/bin/ld: cannot find -lpthreads
collect2: error: ld returned 1 exit status
configure:13331: $? = 1
configure: failed program was:
| /* confdefs.h */
| #define PACKAGE_NAME "libupnp"
| #define PACKAGE_TARNAME "libupnp"
| #define PACKAGE_VERSION "1.6.19"
| #define PACKAGE_STRING "libupnp 1.6.19"
| #define PACKAGE_BUGREPORT "mroberto@users.sourceforge.net"
| #define PACKAGE_URL ""
| #define PACKAGE "libupnp"
| #define VERSION "1.6.19"
| #define UPNP_VERSION_STRING "1.6.19"
| #define UPNP_VERSION_MAJOR 1
| #define UPNP_VERSION_MINOR 6
| #define UPNP_VERSION_PATCH 19
| #define NO_DEBUG 1
| #define NDEBUG 1
| #define UPNP_HAVE_CLIENT 1
| #define UPNP_HAVE_DEVICE 1
| #define UPNP_HAVE_WEBSERVER 1
| #define UPNP_HAVE_SSDP 1
| #define UPNP_HAVE_OPTSSDP 1
| #define UPNP_HAVE_SOAP 1
| #define UPNP_HAVE_GENA 1
| #define UPNP_HAVE_TOOLS 1
| #define UPNP_ENABLE_NOTIFICATION_REORDERING 1
| #define UPNP_ENABLE_BLOCKING_TCP_CONNECTIONS 1
| #define STDC_HEADERS 1
| #define HAVE_SYS_TYPES_H 1
| #define HAVE_SYS_STAT_H 1
| #define HAVE_STDLIB_H 1
| #define HAVE_STRING_H 1
| #define HAVE_MEMORY_H 1
| #define HAVE_STRINGS_H 1
| #define HAVE_INTTYPES_H 1
| #define HAVE_STDINT_H 1
| #define HAVE_UNISTD_H 1
| #define HAVE_DLFCN_H 1
| #define LT_OBJDIR ".libs/"
| #define _LARGE_FILE_SOURCE /**/
| #define _FILE_OFFSET_BITS 64
| #define STDC_HEADERS 1
| #define HAVE_ARPA_INET_H 1
| #define HAVE_FCNTL_H 1
| #define HAVE_INTTYPES_H 1
| #define HAVE_LIMITS_H 1
| #define HAVE_NETDB_H 1
| #define HAVE_NETINET_IN_H 1
| #define HAVE_STDLIB_H 1
| #define HAVE_STRING_H 1
| #define HAVE_SYS_IOCTL_H 1
| #define HAVE_SYS_SOCKET_H 1
| #define HAVE_SYS_TIME_H 1
| #define HAVE_SYSLOG_H 1
| #define HAVE_UNISTD_H 1
| #define HAVE_SYS_TYPES_H 1
| #define HAVE_SYS_SOCKET_H 1
| #define HAVE_VPRINTF 1
| #define HAVE_FSEEKO 1
| #define HAVE_STRNLEN 1
| #define HAVE_STRNDUP 1
| /* end confdefs.h.  */
| #include <pthread.h>
| int
| main ()
| {
| pthread_t th; pthread_join(th, 0);
|                      pthread_attr_init(0); pthread_cleanup_push(0, 0);
|                      pthread_create(0,0,0,0); pthread_cleanup_pop(0);
|   ;
|   return 0;
| }
configure:13340: result: no
configure:13243: checking whether pthreads work without any flags
configure:13331: /opt/hisi-linux/x86-arm/arm-histbv310-linux/bin/arm-histbv310-linux-gcc -o conftest -O3 -march=armv7-a -mcpu=cortex-a9 -mfloat-abi=softfp -mfpu=vfpv3-d16 -ffunction-sections -fdata-sections -Wl,--gc-sections  -Os -Wall    conftest.c   >&5
conftest.c: In function 'main':
conftest.c:66:22: warning: null argument where non-null required (argument 1) [-Wnonnull]
                      pthread_attr_init(0); pthread_cleanup_push(0, 0);
                      ^
conftest.c:67:22: warning: null argument where non-null required (argument 1) [-Wnonnull]
                      pthread_create(0,0,0,0); pthread_cleanup_pop(0);
                      ^
conftest.c:67:22: warning: null argument where non-null required (argument 3) [-Wnonnull]
conftest.c:65:15: warning: 'th' is used uninitialized in this function [-Wuninitialized]
 pthread_t th; pthread_join(th, 0);
               ^
/tmp/cc2H0cge.o: In function `main':
conftest.c:(.text.startup.main+0x10): undefined reference to `pthread_join'
conftest.c:(.text.startup.main+0x44): undefined reference to `__pthread_register_cancel'
conftest.c:(.text.startup.main+0x58): undefined reference to `pthread_create'
conftest.c:(.text.startup.main+0x60): undefined reference to `__pthread_unregister_cancel'
collect2: error: ld returned 1 exit status
configure:13331: $? = 1
configure: failed program was:
| /* confdefs.h */
| #define PACKAGE_NAME "libupnp"
| #define PACKAGE_TARNAME "libupnp"
| #define PACKAGE_VERSION "1.6.19"
| #define PACKAGE_STRING "libupnp 1.6.19"
| #define PACKAGE_BUGREPORT "mroberto@users.sourceforge.net"
| #define PACKAGE_URL ""
| #define PACKAGE "libupnp"
| #define VERSION "1.6.19"
| #define UPNP_VERSION_STRING "1.6.19"
| #define UPNP_VERSION_MAJOR 1
| #define UPNP_VERSION_MINOR 6
| #define UPNP_VERSION_PATCH 19
| #define NO_DEBUG 1
| #define NDEBUG 1
| #define UPNP_HAVE_CLIENT 1
| #define UPNP_HAVE_DEVICE 1
| #define UPNP_HAVE_WEBSERVER 1
| #define UPNP_HAVE_SSDP 1
| #define UPNP_HAVE_OPTSSDP 1
| #define UPNP_HAVE_SOAP 1
| #define UPNP_HAVE_GENA 1
| #define UPNP_HAVE_TOOLS 1
| #define UPNP_ENABLE_NOTIFICATION_REORDERING 1
| #define UPNP_ENABLE_BLOCKING_TCP_CONNECTIONS 1
| #define STDC_HEADERS 1
| #define HAVE_SYS_TYPES_H 1
| #define HAVE_SYS_STAT_H 1
| #define HAVE_STDLIB_H 1
| #define HAVE_STRING_H 1
| #define HAVE_MEMORY_H 1
| #define HAVE_STRINGS_H 1
| #define HAVE_INTTYPES_H 1
| #define HAVE_STDINT_H 1
| #define HAVE_UNISTD_H 1
| #define HAVE_DLFCN_H 1
| #define LT_OBJDIR ".libs/"
| #define _LARGE_FILE_SOURCE /**/
| #define _FILE_OFFSET_BITS 64
| #define STDC_HEADERS 1
| #define HAVE_ARPA_INET_H 1
| #define HAVE_FCNTL_H 1
| #define HAVE_INTTYPES_H 1
| #define HAVE_LIMITS_H 1
| #define HAVE_NETDB_H 1
| #define HAVE_NETINET_IN_H 1
| #define HAVE_STDLIB_H 1
| #define HAVE_STRING_H 1
| #define HAVE_SYS_IOCTL_H 1
| #define HAVE_SYS_SOCKET_H 1
| #define HAVE_SYS_TIME_H 1
| #define HAVE_SYSLOG_H 1
| #define HAVE_UNISTD_H 1
| #define HAVE_SYS_TYPES_H 1
| #define HAVE_SYS_SOCKET_H 1
| #define HAVE_VPRINTF 1
| #define HAVE_FSEEKO 1
| #define HAVE_STRNLEN 1
| #define HAVE_STRNDUP 1
| /* end confdefs.h.  */
| #include <pthread.h>
| int
| main ()
| {
| pthread_t th; pthread_join(th, 0);
|                      pthread_attr_init(0); pthread_cleanup_push(0, 0);
|                      pthread_create(0,0,0,0); pthread_cleanup_pop(0);
|   ;
|   return 0;
| }
configure:13340: result: no
configure:13248: checking whether pthreads work with -Kthread
configure:13331: /opt/hisi-linux/x86-arm/arm-histbv310-linux/bin/arm-histbv310-linux-gcc -o conftest -O3 -march=armv7-a -mcpu=cortex-a9 -mfloat-abi=softfp -mfpu=vfpv3-d16 -ffunction-sections -fdata-sections -Wl,--gc-sections  -Os -Wall -Kthread   conftest.c   >&5
arm-histbv310-linux-gcc: error: unrecognized command line option '-Kthread'
configure:13331: $? = 1
configure: failed program was:
| /* confdefs.h */
| #define PACKAGE_NAME "libupnp"
| #define PACKAGE_TARNAME "libupnp"
| #define PACKAGE_VERSION "1.6.19"
| #define PACKAGE_STRING "libupnp 1.6.19"
| #define PACKAGE_BUGREPORT "mroberto@users.sourceforge.net"
| #define PACKAGE_URL ""
| #define PACKAGE "libupnp"
| #define VERSION "1.6.19"
| #define UPNP_VERSION_STRING "1.6.19"
| #define UPNP_VERSION_MAJOR 1
| #define UPNP_VERSION_MINOR 6
| #define UPNP_VERSION_PATCH 19
| #define NO_DEBUG 1
| #define NDEBUG 1
| #define UPNP_HAVE_CLIENT 1
| #define UPNP_HAVE_DEVICE 1
| #define UPNP_HAVE_WEBSERVER 1
| #define UPNP_HAVE_SSDP 1
| #define UPNP_HAVE_OPTSSDP 1
| #define UPNP_HAVE_SOAP 1
| #define UPNP_HAVE_GENA 1
| #define UPNP_HAVE_TOOLS 1
| #define UPNP_ENABLE_NOTIFICATION_REORDERING 1
| #define UPNP_ENABLE_BLOCKING_TCP_CONNECTIONS 1
| #define STDC_HEADERS 1
| #define HAVE_SYS_TYPES_H 1
| #define HAVE_SYS_STAT_H 1
| #define HAVE_STDLIB_H 1
| #define HAVE_STRING_H 1
| #define HAVE_MEMORY_H 1
| #define HAVE_STRINGS_H 1
| #define HAVE_INTTYPES_H 1
| #define HAVE_STDINT_H 1
| #define HAVE_UNISTD_H 1
| #define HAVE_DLFCN_H 1
| #define LT_OBJDIR ".libs/"
| #define _LARGE_FILE_SOURCE /**/
| #define _FILE_OFFSET_BITS 64
| #define STDC_HEADERS 1
| #define HAVE_ARPA_INET_H 1
| #define HAVE_FCNTL_H 1
| #define HAVE_INTTYPES_H 1
| #define HAVE_LIMITS_H 1
| #define HAVE_NETDB_H 1
| #define HAVE_NETINET_IN_H 1
| #define HAVE_STDLIB_H 1
| #define HAVE_STRING_H 1
| #define HAVE_SYS_IOCTL_H 1
| #define HAVE_SYS_SOCKET_H 1
| #define HAVE_SYS_TIME_H 1
| #define HAVE_SYSLOG_H 1
| #define HAVE_UNISTD_H 1
| #define HAVE_SYS_TYPES_H 1
| #define HAVE_SYS_SOCKET_H 1
| #define HAVE_VPRINTF 1
| #define HAVE_FSEEKO 1
| #define HAVE_STRNLEN 1
| #define HAVE_STRNDUP 1
| /* end confdefs.h.  */
| #include <pthread.h>
| int
| main ()
| {
| pthread_t th; pthread_join(th, 0);
|                      pthread_attr_init(0); pthread_cleanup_push(0, 0);
|                      pthread_create(0,0,0,0); pthread_cleanup_pop(0);
|   ;
|   return 0;
| }
configure:13340: result: no
configure:13248: checking whether pthreads work with -kthread
configure:13331: /opt/hisi-linux/x86-arm/arm-histbv310-linux/bin/arm-histbv310-linux-gcc -o conftest -O3 -march=armv7-a -mcpu=cortex-a9 -mfloat-abi=softfp -mfpu=vfpv3-d16 -ffunction-sections -fdata-sections -Wl,--gc-sections  -Os -Wall -kthread   conftest.c   >&5
arm-histbv310-linux-gcc: error: unrecognized command line option '-kthread'
configure:13331: $? = 1
configure: failed program was:
| /* confdefs.h */
| #define PACKAGE_NAME "libupnp"
| #define PACKAGE_TARNAME "libupnp"
| #define PACKAGE_VERSION "1.6.19"
| #define PACKAGE_STRING "libupnp 1.6.19"
| #define PACKAGE_BUGREPORT "mroberto@users.sourceforge.net"
| #define PACKAGE_URL ""
| #define PACKAGE "libupnp"
| #define VERSION "1.6.19"
| #define UPNP_VERSION_STRING "1.6.19"
| #define UPNP_VERSION_MAJOR 1
| #define UPNP_VERSION_MINOR 6
| #define UPNP_VERSION_PATCH 19
| #define NO_DEBUG 1
| #define NDEBUG 1
| #define UPNP_HAVE_CLIENT 1
| #define UPNP_HAVE_DEVICE 1
| #define UPNP_HAVE_WEBSERVER 1
| #define UPNP_HAVE_SSDP 1
| #define UPNP_HAVE_OPTSSDP 1
| #define UPNP_HAVE_SOAP 1
| #define UPNP_HAVE_GENA 1
| #define UPNP_HAVE_TOOLS 1
| #define UPNP_ENABLE_NOTIFICATION_REORDERING 1
| #define UPNP_ENABLE_BLOCKING_TCP_CONNECTIONS 1
| #define STDC_HEADERS 1
| #define HAVE_SYS_TYPES_H 1
| #define HAVE_SYS_STAT_H 1
| #define HAVE_STDLIB_H 1
| #define HAVE_STRING_H 1
| #define HAVE_MEMORY_H 1
| #define HAVE_STRINGS_H 1
| #define HAVE_INTTYPES_H 1
| #define HAVE_STDINT_H 1
| #define HAVE_UNISTD_H 1
| #define HAVE_DLFCN_H 1
| #define LT_OBJDIR ".libs/"
| #define _LARGE_FILE_SOURCE /**/
| #define _FILE_OFFSET_BITS 64
| #define STDC_HEADERS 1
| #define HAVE_ARPA_INET_H 1
| #define HAVE_FCNTL_H 1
| #define HAVE_INTTYPES_H 1
| #define HAVE_LIMITS_H 1
| #define HAVE_NETDB_H 1
| #define HAVE_NETINET_IN_H 1
| #define HAVE_STDLIB_H 1
| #define HAVE_STRING_H 1
| #define HAVE_SYS_IOCTL_H 1
| #define HAVE_SYS_SOCKET_H 1
| #define HAVE_SYS_TIME_H 1
| #define HAVE_SYSLOG_H 1
| #define HAVE_UNISTD_H 1
| #define HAVE_SYS_TYPES_H 1
| #define HAVE_SYS_SOCKET_H 1
| #define HAVE_VPRINTF 1
| #define HAVE_FSEEKO 1
| #define HAVE_STRNLEN 1
| #define HAVE_STRNDUP 1
| /* end confdefs.h.  */
| #include <pthread.h>
| int
| main ()
| {
| pthread_t th; pthread_join(th, 0);
|                      pthread_attr_init(0); pthread_cleanup_push(0, 0);
|                      pthread_create(0,0,0,0); pthread_cleanup_pop(0);
|   ;
|   return 0;
| }
configure:13340: result: no
configure:13298: checking for the pthreads library -llthread
configure:13331: /opt/hisi-linux/x86-arm/arm-histbv310-linux/bin/arm-histbv310-linux-gcc -o conftest -O3 -march=armv7-a -mcpu=cortex-a9 -mfloat-abi=softfp -mfpu=vfpv3-d16 -ffunction-sections -fdata-sections -Wl,--gc-sections  -Os -Wall    conftest.c -llthread  >&5
conftest.c: In function 'main':
conftest.c:66:22: warning: null argument where non-null required (argument 1) [-Wnonnull]
                      pthread_attr_init(0); pthread_cleanup_push(0, 0);
                      ^
conftest.c:67:22: warning: null argument where non-null required (argument 1) [-Wnonnull]
                      pthread_create(0,0,0,0); pthread_cleanup_pop(0);
                      ^
conftest.c:67:22: warning: null argument where non-null required (argument 3) [-Wnonnull]
conftest.c:65:15: warning: 'th' is used uninitialized in this function [-Wuninitialized]
 pthread_t th; pthread_join(th, 0);
               ^
/opt/hisi-linux/x86-arm/arm-histbv310-linux/bin/../lib/gcc/arm-gcc49-linux-gnueabi/4.9.2/../../../../arm-gcc49-linux-gnueabi/bin/ld: cannot find -llthread
collect2: error: ld returned 1 exit status
configure:13331: $? = 1
configure: failed program was:
| /* confdefs.h */
| #define PACKAGE_NAME "libupnp"
| #define PACKAGE_TARNAME "libupnp"
| #define PACKAGE_VERSION "1.6.19"
| #define PACKAGE_STRING "libupnp 1.6.19"
| #define PACKAGE_BUGREPORT "mroberto@users.sourceforge.net"
| #define PACKAGE_URL ""
| #define PACKAGE "libupnp"
| #define VERSION "1.6.19"
| #define UPNP_VERSION_STRING "1.6.19"
| #define UPNP_VERSION_MAJOR 1
| #define UPNP_VERSION_MINOR 6
| #define UPNP_VERSION_PATCH 19
| #define NO_DEBUG 1
| #define NDEBUG 1
| #define UPNP_HAVE_CLIENT 1
| #define UPNP_HAVE_DEVICE 1
| #define UPNP_HAVE_WEBSERVER 1
| #define UPNP_HAVE_SSDP 1
| #define UPNP_HAVE_OPTSSDP 1
| #define UPNP_HAVE_SOAP 1
| #define UPNP_HAVE_GENA 1
| #define UPNP_HAVE_TOOLS 1
| #define UPNP_ENABLE_NOTIFICATION_REORDERING 1
| #define UPNP_ENABLE_BLOCKING_TCP_CONNECTIONS 1
| #define STDC_HEADERS 1
| #define HAVE_SYS_TYPES_H 1
| #define HAVE_SYS_STAT_H 1
| #define HAVE_STDLIB_H 1
| #define HAVE_STRING_H 1
| #define HAVE_MEMORY_H 1
| #define HAVE_STRINGS_H 1
| #define HAVE_INTTYPES_H 1
| #define HAVE_STDINT_H 1
| #define HAVE_UNISTD_H 1
| #define HAVE_DLFCN_H 1
| #define LT_OBJDIR ".libs/"
| #define _LARGE_FILE_SOURCE /**/
| #define _FILE_OFFSET_BITS 64
| #define STDC_HEADERS 1
| #define HAVE_ARPA_INET_H 1
| #define HAVE_FCNTL_H 1
| #define HAVE_INTTYPES_H 1
| #define HAVE_LIMITS_H 1
| #define HAVE_NETDB_H 1
| #define HAVE_NETINET_IN_H 1
| #define HAVE_STDLIB_H 1
| #define HAVE_STRING_H 1
| #define HAVE_SYS_IOCTL_H 1
| #define HAVE_SYS_SOCKET_H 1
| #define HAVE_SYS_TIME_H 1
| #define HAVE_SYSLOG_H 1
| #define HAVE_UNISTD_H 1
| #define HAVE_SYS_TYPES_H 1
| #define HAVE_SYS_SOCKET_H 1
| #define HAVE_VPRINTF 1
| #define HAVE_FSEEKO 1
| #define HAVE_STRNLEN 1
| #define HAVE_STRNDUP 1
| /* end confdefs.h.  */
| #include <pthread.h>
| int
| main ()
| {
| pthread_t th; pthread_join(th, 0);
|                      pthread_attr_init(0); pthread_cleanup_push(0, 0);
|                      pthread_create(0,0,0,0); pthread_cleanup_pop(0);
|   ;
|   return 0;
| }
configure:13340: result: no
configure:13248: checking whether pthreads work with -pthread
configure:13331: /opt/hisi-linux/x86-arm/arm-histbv310-linux/bin/arm-histbv310-linux-gcc -o conftest -O3 -march=armv7-a -mcpu=cortex-a9 -mfloat-abi=softfp -mfpu=vfpv3-d16 -ffunction-sections -fdata-sections -Wl,--gc-sections  -Os -Wall -pthread   conftest.c   >&5
conftest.c: In function 'main':
conftest.c:66:22: warning: null argument where non-null required (argument 1) [-Wnonnull]
                      pthread_attr_init(0); pthread_cleanup_push(0, 0);
                      ^
conftest.c:67:22: warning: null argument where non-null required (argument 1) [-Wnonnull]
                      pthread_create(0,0,0,0); pthread_cleanup_pop(0);
                      ^
conftest.c:67:22: warning: null argument where non-null required (argument 3) [-Wnonnull]
conftest.c:65:15: warning: 'th' is used uninitialized in this function [-Wuninitialized]
 pthread_t th; pthread_join(th, 0);
               ^
configure:13331: $? = 0
configure:13340: result: yes
configure:13359: checking for joinable pthread attribute
configure:13374: /opt/hisi-linux/x86-arm/arm-histbv310-linux/bin/arm-histbv310-linux-gcc -o conftest -O3 -march=armv7-a -mcpu=cortex-a9 -mfloat-abi=softfp -mfpu=vfpv3-d16 -ffunction-sections -fdata-sections -Wl,--gc-sections  -Os -Wall -pthread   conftest.c   >&5
configure:13374: $? = 0
configure:13380: result: PTHREAD_CREATE_JOINABLE
configure:13390: checking if more special flags are required for pthreads
configure:13397: result: no
configure:13489: checking if pthread_rwlock_t is available
configure:13508: /opt/hisi-linux/x86-arm/arm-histbv310-linux/bin/arm-histbv310-linux-gcc -c -pthread -O3 -march=armv7-a -mcpu=cortex-a9 -mfloat-abi=softfp -mfpu=vfpv3-d16 -ffunction-sections -fdata-sections -Wl,--gc-sections  -Os -Wall  conftest.c >&5
conftest.c: In function 'main':
conftest.c:66:19: warning: unused variable 'x' [-Wunused-variable]
 pthread_rwlock_t *x;
                   ^
configure:13508: $? = 0
configure:13512: result: yes, supported without any options
configure:13649: checking that generated files are newer than configure
configure:13655: result: done
configure:13746: creating ./config.status

## ---------------------- ##
## Running config.status. ##
## ---------------------- ##

This file was extended by libupnp config.status 1.6.19, which was
generated by GNU Autoconf 2.65.  Invocation command line was

  CONFIG_FILES    = 
  CONFIG_HEADERS  = 
  CONFIG_LINKS    = 
  CONFIG_COMMANDS = 
  $ ./config.status 

on flycat

config.status:1167: creating Makefile
config.status:1167: creating ixml/Makefile
config.status:1167: creating ixml/doc/Makefile
config.status:1167: creating threadutil/Makefile
config.status:1167: creating upnp/Makefile
config.status:1167: creating upnp/doc/Makefile
config.status:1167: creating upnp/sample/Makefile
config.status:1167: creating docs/dist/Makefile
config.status:1167: creating libupnp.pc
config.status:1167: creating autoconfig.h
config.status:1167: creating upnp/inc/upnpconfig.h
config.status:1387: executing depfiles commands
config.status:1387: executing libtool commands
configure:15969: WARNING: unrecognized options: --disable-float-api, --disable-vbr, --enable-fixed-point

## ---------------- ##
## Cache variables. ##
## ---------------- ##

ac_cv_build=i686-pc-linux-gnu
ac_cv_c_compiler_gnu=yes
ac_cv_c_const=yes
ac_cv_cflags_gcc_option__Os=-Os
ac_cv_cflags_warn_all=-Wall
ac_cv_env_CC_set=set
ac_cv_env_CC_value=/opt/hisi-linux/x86-arm/arm-histbv310-linux/bin/arm-histbv310-linux-gcc
ac_cv_env_CFLAGS_set=set
ac_cv_env_CFLAGS_value='-O3 -march=armv7-a -mcpu=cortex-a9 -mfloat-abi=softfp -mfpu=vfpv3-d16 -ffunction-sections -fdata-sections -Wl,--gc-sections '
ac_cv_env_CPPFLAGS_set=
ac_cv_env_CPPFLAGS_value=
ac_cv_env_CPP_set=
ac_cv_env_CPP_value=
ac_cv_env_LDFLAGS_set=
ac_cv_env_LDFLAGS_value=
ac_cv_env_LIBS_set=
ac_cv_env_LIBS_value=
ac_cv_env_build_alias_set=
ac_cv_env_build_alias_value=
ac_cv_env_host_alias_set=set
ac_cv_env_host_alias_value=arm-histbv310-linux
ac_cv_env_target_alias_set=
ac_cv_env_target_alias_value=
ac_cv_func__doprnt=no
ac_cv_func_strndup=yes
ac_cv_func_strnlen=yes
ac_cv_func_vprintf=yes
ac_cv_header_arpa_inet_h=yes
ac_cv_header_dlfcn_h=yes
ac_cv_header_fcntl_h=yes
ac_cv_header_inttypes_h=yes
ac_cv_header_limits_h=yes
ac_cv_header_memory_h=yes
ac_cv_header_netdb_h=yes
ac_cv_header_netinet_in_h=yes
ac_cv_header_stdc=yes
ac_cv_header_stdint_h=yes
ac_cv_header_stdlib_h=yes
ac_cv_header_string_h=yes
ac_cv_header_strings_h=yes
ac_cv_header_sys_ioctl_h=yes
ac_cv_header_sys_socket_h=yes
ac_cv_header_sys_stat_h=yes
ac_cv_header_sys_time_h=yes
ac_cv_header_sys_types_h=yes
ac_cv_header_syslog_h=yes
ac_cv_header_unistd_h=yes
ac_cv_header_ws2tcpip_h=no
ac_cv_host=arm-histbv310-linux-gnu
ac_cv_objext=o
ac_cv_path_EGREP='/bin/grep -E'
ac_cv_path_FGREP='/bin/grep -F'
ac_cv_path_GREP=/bin/grep
ac_cv_path_SED=/bin/sed
ac_cv_path_install='/usr/bin/install -c'
ac_cv_path_mkdir=/bin/mkdir
ac_cv_prog_AR=arm-histbv310-linux-ar
ac_cv_prog_AWK=mawk
ac_cv_prog_CC=/opt/hisi-linux/x86-arm/arm-histbv310-linux/bin/arm-histbv310-linux-gcc
ac_cv_prog_CPP='/opt/hisi-linux/x86-arm/arm-histbv310-linux/bin/arm-histbv310-linux-gcc -E'
ac_cv_prog_OBJDUMP=arm-histbv310-linux-objdump
ac_cv_prog_RANLIB=arm-histbv310-linux-ranlib
ac_cv_prog_STRIP=arm-histbv310-linux-strip
ac_cv_prog_ac_ct_MANIFEST_TOOL=mt
ac_cv_prog_cc__opt_hisi_linux_x86_arm_arm_histbv310_linux_bin_arm_histbv310_linux_gcc_c_o=yes
ac_cv_prog_cc_c89=
ac_cv_prog_cc_g=yes
ac_cv_prog_make_make_set=yes
ac_cv_search_bind='none required'
ac_cv_search_gethostbyname='none required'
ac_cv_search_sched_getparam='none required'
ac_cv_socklen_t=yes
ac_cv_sys_largefile_source=no
ac_cv_type_off_t=yes
ac_cv_type_size_t=yes
ac_cv_win32=no
am_cv_CC_dependencies_compiler_type=none
am_cv_ar_interface=ar
lt_cv_ar_at_file=@
lt_cv_deplibs_check_method=pass_all
lt_cv_file_magic_cmd='$MAGIC_CMD'
lt_cv_file_magic_test_file=
lt_cv_ld_reload_flag=-r
lt_cv_nm_interface='BSD nm'
lt_cv_objdir=.libs
lt_cv_path_LD=/opt/hisi-linux/x86-arm/arm-histbv310-linux/arm-gcc49-linux-gnueabi/bin/ld
lt_cv_path_NM='/opt/hisi-linux/x86-arm/arm-histbv310-linux/bin/arm-histbv310-linux-nm -B'
lt_cv_path_mainfest_tool=no
lt_cv_prog_compiler_c_o=yes
lt_cv_prog_compiler_pic='-fPIC -DPIC'
lt_cv_prog_compiler_pic_works=yes
lt_cv_prog_compiler_rtti_exceptions=no
lt_cv_prog_compiler_static_works=yes
lt_cv_prog_gnu_ld=yes
lt_cv_sharedlib_from_linklib_cmd='printf %s\n'
lt_cv_shlibpath_overrides_runpath=no
lt_cv_sys_global_symbol_pipe='sed -n -e '\''s/^.*[	 ]\([ABCDGIRSTW][ABCDGIRSTW]*\)[	 ][	 ]*\([_A-Za-z][_A-Za-z0-9]*\)$/\1 \2 \2/p'\'' | sed '\''/ __gnu_lto/d'\'''
lt_cv_sys_global_symbol_to_c_name_address='sed -n -e '\''s/^: \([^ ]*\)[ ]*$/  {\"\1\", (void *) 0},/p'\'' -e '\''s/^[ABCDGIRSTW]* \([^ ]*\) \([^ ]*\)$/  {"\2", (void *) \&\2},/p'\'''
lt_cv_sys_global_symbol_to_c_name_address_lib_prefix='sed -n -e '\''s/^: \([^ ]*\)[ ]*$/  {\"\1\", (void *) 0},/p'\'' -e '\''s/^[ABCDGIRSTW]* \([^ ]*\) \(lib[^ ]*\)$/  {"\2", (void *) \&\2},/p'\'' -e '\''s/^[ABCDGIRSTW]* \([^ ]*\) \([^ ]*\)$/  {"lib\2", (void *) \&\2},/p'\'''
lt_cv_sys_global_symbol_to_cdecl='sed -n -e '\''s/^T .* \(.*\)$/extern int \1();/p'\'' -e '\''s/^[ABCDGIRSTW]* .* \(.*\)$/extern char \1;/p'\'''
lt_cv_sys_max_cmd_len=805306365
lt_cv_to_host_file_cmd=func_convert_file_noop
lt_cv_to_tool_file_cmd=func_convert_file_noop

## ----------------- ##
## Output variables. ##
## ----------------- ##

ACLOCAL='${SHELL} /home/flycat/myshare/NVR/branches-x.8.0.2/src/libs/libupnp-1.6.19/build-aux/missing --run aclocal-1.12'
AMDEPBACKSLASH=''
AMDEP_FALSE=''
AMDEP_TRUE='#'
AMTAR='$${TAR-tar}'
AR='arm-histbv310-linux-ar'
AUTOCONF='${SHELL} /home/flycat/myshare/NVR/branches-x.8.0.2/src/libs/libupnp-1.6.19/build-aux/missing --run autoconf'
AUTOHEADER='${SHELL} /home/flycat/myshare/NVR/branches-x.8.0.2/src/libs/libupnp-1.6.19/build-aux/missing --run autoheader'
AUTOMAKE='${SHELL} /home/flycat/myshare/NVR/branches-x.8.0.2/src/libs/libupnp-1.6.19/build-aux/missing --run automake-1.12'
AWK='mawk'
CC='/opt/hisi-linux/x86-arm/arm-histbv310-linux/bin/arm-histbv310-linux-gcc'
CCDEPMODE='depmode=none'
CFLAGS='-pthread -O3 -march=armv7-a -mcpu=cortex-a9 -mfloat-abi=softfp -mfpu=vfpv3-d16 -ffunction-sections -fdata-sections -Wl,--gc-sections  -Os -Wall'
CPP='/opt/hisi-linux/x86-arm/arm-histbv310-linux/bin/arm-histbv310-linux-gcc -E'
CPPFLAGS=''
CYGPATH_W='echo'
DEFS='-DHAVE_CONFIG_H'
DEPDIR='.deps'
DLLTOOL='false'
DSYMUTIL=''
DUMPBIN=''
ECHO_C=''
ECHO_N='-n'
ECHO_T=''
EGREP='/bin/grep -E'
ENABLE_BLOCKING_TCP_CONNECTIONS_FALSE='#'
ENABLE_BLOCKING_TCP_CONNECTIONS_TRUE=''
ENABLE_CLIENT_FALSE='#'
ENABLE_CLIENT_TRUE=''
ENABLE_DEBUG_FALSE=''
ENABLE_DEBUG_TRUE='#'
ENABLE_DEVICE_FALSE='#'
ENABLE_DEVICE_TRUE=''
ENABLE_GENA_FALSE='#'
ENABLE_GENA_TRUE=''
ENABLE_IPV6_FALSE=''
ENABLE_IPV6_TRUE='#'
ENABLE_NOTIFICATION_REORDERING_FALSE='#'
ENABLE_NOTIFICATION_REORDERING_TRUE=''
ENABLE_OPTSSDP_FALSE='#'
ENABLE_OPTSSDP_TRUE=''
ENABLE_SAMPLES_FALSE='#'
ENABLE_SAMPLES_TRUE=''
ENABLE_SOAP_FALSE='#'
ENABLE_SOAP_TRUE=''
ENABLE_SSDP_FALSE='#'
ENABLE_SSDP_TRUE=''
ENABLE_TOOLS_FALSE='#'
ENABLE_TOOLS_TRUE=''
ENABLE_UNSPECIFIED_SERVER_FALSE=''
ENABLE_UNSPECIFIED_SERVER_TRUE='#'
ENABLE_UUID_FALSE='#'
ENABLE_UUID_TRUE=''
ENABLE_WEBSERVER_FALSE='#'
ENABLE_WEBSERVER_TRUE=''
EXEEXT=''
FGREP='/bin/grep -F'
GREP='/bin/grep'
INSTALL_DATA='${INSTALL} -m 644'
INSTALL_PROGRAM='${INSTALL}'
INSTALL_SCRIPT='${INSTALL}'
INSTALL_STRIP_PROGRAM='$(install_sh) -c -s'
LD='/opt/hisi-linux/x86-arm/arm-histbv310-linux/arm-gcc49-linux-gnueabi/bin/ld'
LDFLAGS=''
LIBOBJS=''
LIBS=' '
LIBTOOL='$(SHELL) $(top_builddir)/libtool'
LIPO=''
LN_S='ln -s'
LTLIBOBJS=''
LT_VERSION_IXML='2:8:0'
LT_VERSION_THREADUTIL='6:4:0'
LT_VERSION_UPNP='9:3:3'
MAKEINFO='${SHELL} /home/flycat/myshare/NVR/branches-x.8.0.2/src/libs/libupnp-1.6.19/build-aux/missing --run makeinfo'
MANIFEST_TOOL=':'
MKDIR_P='/bin/mkdir -p'
NM='/opt/hisi-linux/x86-arm/arm-histbv310-linux/bin/arm-histbv310-linux-nm -B'
NMEDIT=''
OBJDUMP='arm-histbv310-linux-objdump'
OBJEXT='o'
OTOOL64=''
OTOOL=''
PACKAGE='libupnp'
PACKAGE_BUGREPORT='mroberto@users.sourceforge.net'
PACKAGE_NAME='libupnp'
PACKAGE_STRING='libupnp 1.6.19'
PACKAGE_TARNAME='libupnp'
PACKAGE_URL=''
PACKAGE_VERSION='1.6.19'
PATH_SEPARATOR=':'
PTHREAD_CC='/opt/hisi-linux/x86-arm/arm-histbv310-linux/bin/arm-histbv310-linux-gcc'
PTHREAD_CFLAGS='-pthread'
PTHREAD_LIBS=''
RANLIB='arm-histbv310-linux-ranlib'
SED='/bin/sed'
SET_MAKE=''
SHELL='/bin/bash'
STRIP='arm-histbv310-linux-strip'
VERSION='1.6.19'
WITH_DOCUMENTATION_FALSE=''
WITH_DOCUMENTATION_TRUE='#'
ac_ct_AR=''
ac_ct_CC=''
ac_ct_DUMPBIN=''
acx_pthread_config=''
am__EXEEXT_FALSE=''
am__EXEEXT_TRUE='#'
am__fastdepCC_FALSE=''
am__fastdepCC_TRUE='#'
am__include='include'
am__isrc=''
am__leading_dot='.'
am__nodep=''
am__quote=''
am__tar='$${TAR-tar} chof - "$$tardir"'
am__untar='$${TAR-tar} xf -'
bindir='${exec_prefix}/bin'
build='i686-pc-linux-gnu'
build_alias=''
build_cpu='i686'
build_os='linux-gnu'
build_vendor='pc'
datadir='${datarootdir}'
datarootdir='${prefix}/share'
docdir='${datarootdir}/doc/libupnp-1.6.19'
dvidir='${docdir}'
exec_prefix='${prefix}'
host='arm-histbv310-linux-gnu'
host_alias='arm-histbv310-linux'
host_cpu='arm'
host_os='linux-gnu'
host_vendor='histbv310'
htmldir='${docdir}'
includedir='${prefix}/include'
infodir='${datarootdir}/info'
install_sh='${SHELL} /home/flycat/myshare/NVR/branches-x.8.0.2/src/libs/libupnp-1.6.19/build-aux/install-sh'
libdir='${exec_prefix}/lib'
libexecdir='${exec_prefix}/libexec'
localedir='${datarootdir}/locale'
localstatedir='${prefix}/var'
mandir='${datarootdir}/man'
mkdir_p='/bin/mkdir -p'
oldincludedir='/usr/include'
pdfdir='${docdir}'
prefix='/home/flycat/myshare/NVR/branches-x.8.0.2/temp/hi3798/libs/upnp'
program_transform_name='s,x,x,'
psdir='${docdir}'
sbindir='${exec_prefix}/sbin'
sharedstatedir='${prefix}/com'
sysconfdir='${prefix}/etc'
target_alias=''

## ----------- ##
## confdefs.h. ##
## ----------- ##

/* confdefs.h */
#define PACKAGE_NAME "libupnp"
#define PACKAGE_TARNAME "libupnp"
#define PACKAGE_VERSION "1.6.19"
#define PACKAGE_STRING "libupnp 1.6.19"
#define PACKAGE_BUGREPORT "mroberto@users.sourceforge.net"
#define PACKAGE_URL ""
#define PACKAGE "libupnp"
#define VERSION "1.6.19"
#define UPNP_VERSION_STRING "1.6.19"
#define UPNP_VERSION_MAJOR 1
#define UPNP_VERSION_MINOR 6
#define UPNP_VERSION_PATCH 19
#define NO_DEBUG 1
#define NDEBUG 1
#define UPNP_HAVE_CLIENT 1
#define UPNP_HAVE_DEVICE 1
#define UPNP_HAVE_WEBSERVER 1
#define UPNP_HAVE_SSDP 1
#define UPNP_HAVE_OPTSSDP 1
#define UPNP_HAVE_SOAP 1
#define UPNP_HAVE_GENA 1
#define UPNP_HAVE_TOOLS 1
#define UPNP_ENABLE_NOTIFICATION_REORDERING 1
#define UPNP_ENABLE_BLOCKING_TCP_CONNECTIONS 1
#define STDC_HEADERS 1
#define HAVE_SYS_TYPES_H 1
#define HAVE_SYS_STAT_H 1
#define HAVE_STDLIB_H 1
#define HAVE_STRING_H 1
#define HAVE_MEMORY_H 1
#define HAVE_STRINGS_H 1
#define HAVE_INTTYPES_H 1
#define HAVE_STDINT_H 1
#define HAVE_UNISTD_H 1
#define HAVE_DLFCN_H 1
#define LT_OBJDIR ".libs/"
#define _LARGE_FILE_SOURCE /**/
#define _FILE_OFFSET_BITS 64
#define STDC_HEADERS 1
#define HAVE_ARPA_INET_H 1
#define HAVE_FCNTL_H 1
#define HAVE_INTTYPES_H 1
#define HAVE_LIMITS_H 1
#define HAVE_NETDB_H 1
#define HAVE_NETINET_IN_H 1
#define HAVE_STDLIB_H 1
#define HAVE_STRING_H 1
#define HAVE_SYS_IOCTL_H 1
#define HAVE_SYS_SOCKET_H 1
#define HAVE_SYS_TIME_H 1
#define HAVE_SYSLOG_H 1
#define HAVE_UNISTD_H 1
#define HAVE_SYS_TYPES_H 1
#define HAVE_SYS_SOCKET_H 1
#define HAVE_VPRINTF 1
#define HAVE_FSEEKO 1
#define HAVE_STRNLEN 1
#define HAVE_STRNDUP 1
#define HAVE_PTHREAD 1
#define UPNP_USE_RWLOCK 1

configure: exit 0
